(0000) 3000  0011000000000000 (   1)                 .ORIG x3000
(3000) 0E9B  0000111010011011 (   2)                 BRNZP main
(3001) 3087  0011000010000111 (   3) PRINT           ST    R0 SAVER0
(3002) 3287  0011001010000111 (   4)                 ST    R1 SAVER1
(3003) 3487  0011010010000111 (   5)                 ST    R2 SAVER2
(3004) 3687  0011011010000111 (   6)                 ST    R3 SAVER3
(3005) 3887  0011100010000111 (   7)                 ST    R4 SAVER4
(3006) 3A87  0011101010000111 (   8)                 ST    R5 SAVER5
(3007) 3C87  0011110010000111 (   9)                 ST    R6 SAVER6
(3008) 3E87  0011111010000111 (  10)                 ST    R7 SAVER7
(3009) 5260  0101001001100000 (  12)                 AND   R1 R1 #0
(300A) 1266  0001001001100110 (  13)                 ADD   R1 R1 #6
(300B) 2A85  0010101010000101 (  15)                 LD    R5 MAP
(300C) 54A0  0101010010100000 (  17) PRTLOOP1        AND   R2 R2 #0
(300D) 14A6  0001010010100110 (  18)                 ADD   R2 R2 #6
(300E) 6940  0110100101000000 (  20) PRTLOOP2        LDR   R4 R5 #0
(300F) 1B61  0001101101100001 (  21)                 ADD   R5 R5 #1
(3010) 1120  0001000100100000 (  22)                 ADD   R0 R4 #0
(3011) 0802  0000100000000010 (  23)                 BRN   PRTP1
(3012) 0407  0000010000000111 (  24)                 BRZ   PRTSPACE
(3013) 0203  0000001000000011 (  25)                 BRP   PRTP2
(3014) 2017  0010000000010111 (  27) PRTP1           LD    R0 P1
(3015) F021  1111000000100001 (  28)                 TRAP  x21
(3016) 0E06  0000111000000110 (  29)                 BRNZP PRTCHECK
(3017) 2015  0010000000010101 (  31) PRTP2           LD    R0 P2
(3018) F021  1111000000100001 (  32)                 TRAP  x21
(3019) 0E03  0000111000000011 (  33)                 BRNZP PRTCHECK
(301A) 2013  0010000000010011 (  35) PRTSPACE        LD    R0 SPACE
(301B) F021  1111000000100001 (  36)                 TRAP  x21
(301C) 0E00  0000111000000000 (  37)                 BRNZP PRTCHECK
(301D) 14BF  0001010010111111 (  39) PRTCHECK        ADD   R2 R2 #-1
(301E) 03EF  0000001111101111 (  40)                 BRP   PRTLOOP2
(301F) 2072  0010000001110010 (  41)                 LD    R0 ENDL
(3020) F021  1111000000100001 (  42)                 TRAP  x21
(3021) 127F  0001001001111111 (  43)                 ADD   R1 R1 #-1
(3022) 03E9  0000001111101001 (  44)                 BRP   PRTLOOP1
(3023) 2065  0010000001100101 (  46)                 LD    R0 SAVER0
(3024) 2265  0010001001100101 (  47)                 LD    R1 SAVER1
(3025) 2465  0010010001100101 (  48)                 LD    R2 SAVER2
(3026) 2665  0010011001100101 (  49)                 LD    R3 SAVER3
(3027) 2865  0010100001100101 (  50)                 LD    R4 SAVER4
(3028) 2A65  0010101001100101 (  51)                 LD    R5 SAVER5
(3029) 2C65  0010110001100101 (  52)                 LD    R6 SAVER6
(302A) 2E65  0010111001100101 (  53)                 LD    R7 SAVER7
(302B) C1C0  1100000111000000 (  54)                 RET   
(302C) 0058  0000000001011000 (  55) P1              .FILL x0058
(302D) 004F  0000000001001111 (  56) P2              .FILL x004F
(302E) 002D  0000000000101101 (  57) SPACE           .FILL x002D
(302F) 5020  0101000000100000 (  59) JUDGE1          AND   R0 R0 #0
(3030) 3259  0011001001011001 (  60)                 ST    R1 SAVER1
(3031) 3459  0011010001011001 (  61)                 ST    R2 SAVER2
(3032) 3659  0011011001011001 (  62)                 ST    R3 SAVER3
(3033) 3859  0011100001011001 (  63)                 ST    R4 SAVER4
(3034) 3A59  0011101001011001 (  64)                 ST    R5 SAVER5
(3035) 5DA0  0101110110100000 (  65)                 AND   R6 R6 #0
(3036) 3E59  0011111001011001 (  66)                 ST    R7 SAVER7
(3037) 2259  0010001001011001 (  68)                 LD    R1 MAP
(3038) 54A0  0101010010100000 (  69)                 AND   R2 R2 #0
(3039) 14A6  0001010010100110 (  70)                 ADD   R2 R2 #6
(303A) 56E0  0101011011100000 (  72) NEXTLINE12      AND   R3 R3 #0
(303B) 16E3  0001011011100011 (  73)                 ADD   R3 R3 #3
(303C) 5920  0101100100100000 (  75) NEXTPOINT12     AND   R4 R4 #0
(303D) 1924  0001100100100100 (  76)                 ADD   R4 R4 #4
(303E) 5B60  0101101101100000 (  77)                 AND   R5 R5 #0
(303F) 6040  0110000001000000 (  79) LOOPCOUNT1      LDR   R0 R1 #0
(3040) 1B40  0001101101000000 (  80)                 ADD   R5 R5 R0
(3041) 1261  0001001001100001 (  81)                 ADD   R1 R1 #1
(3042) 193F  0001100100111111 (  82)                 ADD   R4 R4 #-1
(3043) 0401  0000010000000001 (  83)                 BRZ   NEXTPOINT11
(3044) 0FFA  0000111111111010 (  84)                 BRNZP LOOPCOUNT1
(3045) 117C  0001000101111100 (  86) NEXTPOINT11     ADD   R0 R5 #-4
(3046) 040A  0000010000001010 (  87)                 BRZ   P1WIN1
(3047) 1164  0001000101100100 (  88)                 ADD   R0 R5 #4
(3048) 040A  0000010000001010 (  89)                 BRZ   P2WIN1
(3049) 127D  0001001001111101 (  90)                 ADD   R1 R1 #-3
(304A) 16FF  0001011011111111 (  91)                 ADD   R3 R3 #-1
(304B) 0401  0000010000000001 (  92)                 BRZ   NEXTLINE11
(304C) 0FEF  0000111111101111 (  93)                 BRNZP NEXTPOINT12
(304D) 14BF  0001010010111111 (  95) NEXTLINE11      ADD   R2 R2 #-1
(304E) 0405  0000010000000101 (  96)                 BRZ   RESTORER1
(304F) 1263  0001001001100011 (  97)                 ADD   R1 R1 #3
(3050) 0FE9  0000111111101001 (  98)                 BRNZP NEXTLINE12
(3051) 1DA1  0001110110100001 ( 100) P1WIN1          ADD   R6 R6 #1
(3052) 0E01  0000111000000001 ( 101)                 BRNZP RESTORER1
(3053) 1DBF  0001110110111111 ( 102) P2WIN1          ADD   R6 R6 #-1
(3054) 2235  0010001000110101 ( 104) RESTORER1       LD    R1 SAVER1
(3055) 2435  0010010000110101 ( 105)                 LD    R2 SAVER2
(3056) 2635  0010011000110101 ( 106)                 LD    R3 SAVER3
(3057) 2835  0010100000110101 ( 107)                 LD    R4 SAVER4
(3058) 2A35  0010101000110101 ( 108)                 LD    R5 SAVER5
(3059) 2E36  0010111000110110 ( 109)                 LD    R7 SAVER7
(305A) C1C0  1100000111000000 ( 110)                 RET   
(305B) 5020  0101000000100000 ( 113) JUDGE2          AND   R0 R0 #0
(305C) 322D  0011001000101101 ( 114)                 ST    R1 SAVER1
(305D) 342D  0011010000101101 ( 115)                 ST    R2 SAVER2
(305E) 362D  0011011000101101 ( 116)                 ST    R3 SAVER3
(305F) 382D  0011100000101101 ( 117)                 ST    R4 SAVER4
(3060) 3A2D  0011101000101101 ( 118)                 ST    R5 SAVER5
(3061) 5DA0  0101110110100000 ( 119)                 AND   R6 R6 #0
(3062) 3E2D  0011111000101101 ( 120)                 ST    R7 SAVER7
(3063) 222D  0010001000101101 ( 121)                 LD    R1 MAP
(3064) 54A0  0101010010100000 ( 122)                 AND   R2 R2 #0
(3065) 14A6  0001010010100110 ( 123)                 ADD   R2 R2 #6
(3066) 56E0  0101011011100000 ( 125) NEXTCOLUMN22    AND   R3 R3 #0
(3067) 16E3  0001011011100011 ( 126)                 ADD   R3 R3 #3
(3068) 5920  0101100100100000 ( 128) NEXTPOINT22     AND   R4 R4 #0
(3069) 1924  0001100100100100 ( 129)                 ADD   R4 R4 #4
(306A) 5B60  0101101101100000 ( 130)                 AND   R5 R5 #0
(306B) 6040  0110000001000000 ( 132) LOOPCOUNT2      LDR   R0 R1 #0
(306C) 1B40  0001101101000000 ( 133)                 ADD   R5 R5 R0
(306D) 1266  0001001001100110 ( 134)                 ADD   R1 R1 #6
(306E) 193F  0001100100111111 ( 135)                 ADD   R4 R4 #-1
(306F) 0401  0000010000000001 ( 136)                 BRZ   NEXTPOINT21
(3070) 0FFA  0000111111111010 ( 137)                 BRNZP LOOPCOUNT2
(3071) 117C  0001000101111100 ( 139) NEXTPOINT21     ADD   R0 R5 #-4
(3072) 040C  0000010000001100 ( 140)                 BRZ   P1WIN2
(3073) 1164  0001000101100100 ( 141)                 ADD   R0 R5 #4
(3074) 040C  0000010000001100 ( 142)                 BRZ   P2WIN2
(3075) 1274  0001001001110100 ( 143)                 ADD   R1 R1 #-12
(3076) 127A  0001001001111010 ( 144)                 ADD   R1 R1 #-6
(3077) 16FF  0001011011111111 ( 145)                 ADD   R3 R3 #-1
(3078) 0401  0000010000000001 ( 146)                 BRZ   NEXTCOLUMN21
(3079) 0FEE  0000111111101110 ( 147)                 BRNZP NEXTPOINT22
(307A) 14BF  0001010010111111 ( 149) NEXTCOLUMN21    ADD   R2 R2 #-1
(307B) 0406  0000010000000110 ( 150)                 BRZ   RESTORER2
(307C) 1274  0001001001110100 ( 151)                 ADD   R1 R1 #-12
(307D) 127B  0001001001111011 ( 152)                 ADD   R1 R1 #-5
(307E) 0FE7  0000111111100111 ( 153)                 BRNZP NEXTCOLUMN22
(307F) 1DA1  0001110110100001 ( 155) P1WIN2          ADD   R6 R6 #1
(3080) 0E01  0000111000000001 ( 156)                 BRNZP RESTORER2
(3081) 1DBF  0001110110111111 ( 157) P2WIN2          ADD   R6 R6 #-1
(3082) 2207  0010001000000111 ( 159) RESTORER2       LD    R1 SAVER1
(3083) 2407  0010010000000111 ( 160)                 LD    R2 SAVER2
(3084) 2607  0010011000000111 ( 161)                 LD    R3 SAVER3
(3085) 2807  0010100000000111 ( 162)                 LD    R4 SAVER4
(3086) 2A07  0010101000000111 ( 163)                 LD    R5 SAVER5
(3087) 2E08  0010111000001000 ( 164)                 LD    R7 SAVER7
(3088) C1C0  1100000111000000 ( 165)                 RET   
(3089) 0000  0000000000000000 ( 167) SAVER0          .FILL x0000
(308A) 0000  0000000000000000 ( 168) SAVER1          .FILL x0000
(308B) 0000  0000000000000000 ( 169) SAVER2          .FILL x0000
(308C) 0000  0000000000000000 ( 170) SAVER3          .FILL x0000
(308D) 0000  0000000000000000 ( 171) SAVER4          .FILL x0000
(308E) 0000  0000000000000000 ( 172) SAVER5          .FILL x0000
(308F) 0000  0000000000000000 ( 173) SAVER6          .FILL x0000
(3090) 0000  0000000000000000 ( 174) SAVER7          .FILL x0000
(3091) 5000  0101000000000000 ( 175) MAP             .FILL x5000
(3092) 000A  0000000000001010 ( 176) ENDL            .FILL x000A
(3093) 501E  0101000000011110 ( 177) COL1            .FILL x501E
(3094) 501F  0101000000011111 ( 178) COL2            .FILL x501F
(3095) 5020  0101000000100000 ( 179) COL3            .FILL x5020
(3096) 5021  0101000000100001 ( 180) COL4            .FILL x5021
(3097) 5022  0101000000100010 ( 181) COL5            .FILL x5022
(3098) 5023  0101000000100011 ( 182) COL6            .FILL x5023
(3099) FFFF  1111111111111111 ( 183) NEG1            .FILL xFFFF
(309A) FFFA  1111111111111010 ( 184) NEG6            .FILL xFFFA
(309B) B000  1011000000000000 ( 185) NEGMAP          .FILL xB000
(309C) 5260  0101001001100000 ( 187) main            AND   R1 R1 #0
(309D) 126C  0001001001101100 ( 188)                 ADD   R1 R1 #12
(309E) 126C  0001001001101100 ( 189)                 ADD   R1 R1 #12
(309F) 126C  0001001001101100 ( 190)                 ADD   R1 R1 #12
(30A0) 4F60  0100111101100000 ( 192)                 JSR   PRINT
(30A1) 043C  0000010000111100 ( 193) STEP1           BRZ   TIEGAME
(30A2) 56E0  0101011011100000 ( 194) STEP11          AND   R3 R3 #0
(30A3) 5461  0101010001100001 ( 195)                 AND   R2 R1 #1
(30A4) 0204  0000001000000100 ( 196)                 BRP   P2IN
(30A5) E03B  1110000000111011 ( 197) P1IN            LEA   R0 P1I
(30A6) F022  1111000000100010 ( 198)                 TRAP  x22
(30A7) 16E1  0001011011100001 ( 199)                 ADD   R3 R3 #1
(30A8) 0E03  0000111000000011 ( 200)                 BRNZP STEP2
(30A9) E051  1110000001010001 ( 201) P2IN            LEA   R0 P2I
(30AA) F022  1111000000100010 ( 202)                 TRAP  x22
(30AB) 16FF  0001011011111111 ( 203)                 ADD   R3 R3 #-1
(30AC) F023  1111000000100011 ( 207) STEP2           TRAP  x23
(30AD) 1420  0001010000100000 ( 208)                 ADD   R2 R0 #0
(30AE) 21E3  0010000111100011 ( 209)                 LD    R0 ENDL
(30AF) F021  1111000000100001 ( 210)                 TRAP  x21
(30B0) 14B0  0001010010110000 ( 212) STEP3           ADD   R2 R2 #-16
(30B1) 14B0  0001010010110000 ( 213)                 ADD   R2 R2 #-16
(30B2) 14B0  0001010010110000 ( 214)                 ADD   R2 R2 #-16
(30B3) 14BF  0001010010111111 ( 215)                 ADD   R2 R2 #-1
(30B4) 0803  0000100000000011 ( 216)                 BRN   WRONG
(30B5) 10BB  0001000010111011 ( 217)                 ADD   R0 R2 #-5
(30B6) 0201  0000001000000001 ( 218)                 BRP   WRONG
(30B7) 0E04  0000111000000100 ( 219)                 BRNZP STEP4
(30B8) 4F48  0100111101001000 ( 220) WRONG           JSR   PRINT
(30B9) E086  1110000010000110 ( 221)                 LEA   R0 ERROR
(30BA) F022  1111000000100010 ( 222)                 TRAP  x22
(30BB) 0FE6  0000111111100110 ( 223)                 BRNZP STEP11
(30BC) EBD6  1110101111010110 ( 225) STEP4           LEA   R5 COL1
(30BD) 1B42  0001101101000010 ( 226)                 ADD   R5 R5 R2
(30BE) 6940  0110100101000000 ( 227)                 LDR   R4 R5 #0
(30BF) 21DB  0010000111011011 ( 228)                 LD    R0 NEGMAP
(30C0) 1004  0001000000000100 ( 229)                 ADD   R0 R0 R4
(30C1) 09F6  0000100111110110 ( 230)                 BRN   WRONG
(30C2) 7700  0111011100000000 ( 231)                 STR   R3 R4 #0
(30C3) 193A  0001100100111010 ( 232)                 ADD   R4 R4 #-6
(30C4) 7940  0111100101000000 ( 233)                 STR   R4 R5 #0
(30C5) 4F3B  0100111100111011 ( 235) PRINTF          JSR   PRINT
(30C6) 4F68  0100111101101000 ( 237) JUDGEWIN        JSR   JUDGE1
(30C7) 1DA0  0001110110100000 ( 238)                 ADD   R6 R6 #0
(30C8) 0812  0000100000010010 ( 239)                 BRN   P2WIN
(30C9) 020E  0000001000001110 ( 240)                 BRP   P1WIN
(30CA) 4F90  0100111110010000 ( 241)                 JSR   JUDGE2
(30CB) 1DA0  0001110110100000 ( 242)                 ADD   R6 R6 #0
(30CC) 080E  0000100000001110 ( 243)                 BRN   P2WIN
(30CD) 020A  0000001000001010 ( 244)                 BRP   P1WIN
(30CE) 4893  0100100010010011 ( 245)                 JSR   JUDGE3
(30CF) 1DA0  0001110110100000 ( 246)                 ADD   R6 R6 #0
(30D0) 080A  0000100000001010 ( 247)                 BRN   P2WIN
(30D1) 0206  0000001000000110 ( 248)                 BRP   P1WIN
(30D2) 48BE  0100100010111110 ( 249)                 JSR   JUDGE4
(30D3) 1DA0  0001110110100000 ( 250)                 ADD   R6 R6 #0
(30D4) 0806  0000100000000110 ( 251)                 BRN   P2WIN
(30D5) 0202  0000001000000010 ( 252)                 BRP   P1WIN
(30D6) 127F  0001001001111111 ( 253)                 ADD   R1 R1 #-1
(30D7) 0FC9  0000111111001001 ( 254)                 BRNZP STEP1
(30D8) E03C  1110000000111100 ( 256) P1WIN           LEA   R0 P1W
(30D9) F022  1111000000100010 ( 257)                 TRAP  x22
(30DA) 0E05  0000111000000101 ( 258)                 BRNZP ENDGAME
(30DB) E049  1110000001001001 ( 259) P2WIN           LEA   R0 P2W
(30DC) F022  1111000000100010 ( 260)                 TRAP  x22
(30DD) 0E02  0000111000000010 ( 261)                 BRNZP ENDGAME
(30DE) E056  1110000001010110 ( 262) TIEGAME         LEA   R0 TIEG
(30DF) F022  1111000000100010 ( 263)                 TRAP  x22
(30E0) F025  1111000000100101 ( 264) ENDGAME         TRAP  x25
(30E1) 0050  0000000001010000 ( 266) P1I             .FILL x0050
(30E2) 006C  0000000001101100 ( 266)                 .FILL x006C
(30E3) 0061  0000000001100001 ( 266)                 .FILL x0061
(30E4) 0079  0000000001111001 ( 266)                 .FILL x0079
(30E5) 0065  0000000001100101 ( 266)                 .FILL x0065
(30E6) 0072  0000000001110010 ( 266)                 .FILL x0072
(30E7) 0020  0000000000100000 ( 266)                 .FILL x0020
(30E8) 0031  0000000000110001 ( 266)                 .FILL x0031
(30E9) 002C  0000000000101100 ( 266)                 .FILL x002C
(30EA) 0063  0000000001100011 ( 266)                 .FILL x0063
(30EB) 0068  0000000001101000 ( 266)                 .FILL x0068
(30EC) 006F  0000000001101111 ( 266)                 .FILL x006F
(30ED) 006F  0000000001101111 ( 266)                 .FILL x006F
(30EE) 0073  0000000001110011 ( 266)                 .FILL x0073
(30EF) 0065  0000000001100101 ( 266)                 .FILL x0065
(30F0) 0020  0000000000100000 ( 266)                 .FILL x0020
(30F1) 0061  0000000001100001 ( 266)                 .FILL x0061
(30F2) 0020  0000000000100000 ( 266)                 .FILL x0020
(30F3) 0063  0000000001100011 ( 266)                 .FILL x0063
(30F4) 006F  0000000001101111 ( 266)                 .FILL x006F
(30F5) 006C  0000000001101100 ( 266)                 .FILL x006C
(30F6) 0075  0000000001110101 ( 266)                 .FILL x0075
(30F7) 006D  0000000001101101 ( 266)                 .FILL x006D
(30F8) 006E  0000000001101110 ( 266)                 .FILL x006E
(30F9) 003A  0000000000111010 ( 266)                 .FILL x003A
(30FA) 0000  0000000000000000 ( 266)                 .FILL x0000
(30FB) 0050  0000000001010000 ( 267) P2I             .FILL x0050
(30FC) 006C  0000000001101100 ( 267)                 .FILL x006C
(30FD) 0061  0000000001100001 ( 267)                 .FILL x0061
(30FE) 0079  0000000001111001 ( 267)                 .FILL x0079
(30FF) 0065  0000000001100101 ( 267)                 .FILL x0065
(3100) 0072  0000000001110010 ( 267)                 .FILL x0072
(3101) 0020  0000000000100000 ( 267)                 .FILL x0020
(3102) 0032  0000000000110010 ( 267)                 .FILL x0032
(3103) 002C  0000000000101100 ( 267)                 .FILL x002C
(3104) 0063  0000000001100011 ( 267)                 .FILL x0063
(3105) 0068  0000000001101000 ( 267)                 .FILL x0068
(3106) 006F  0000000001101111 ( 267)                 .FILL x006F
(3107) 006F  0000000001101111 ( 267)                 .FILL x006F
(3108) 0073  0000000001110011 ( 267)                 .FILL x0073
(3109) 0065  0000000001100101 ( 267)                 .FILL x0065
(310A) 0020  0000000000100000 ( 267)                 .FILL x0020
(310B) 0061  0000000001100001 ( 267)                 .FILL x0061
(310C) 0020  0000000000100000 ( 267)                 .FILL x0020
(310D) 0063  0000000001100011 ( 267)                 .FILL x0063
(310E) 006F  0000000001101111 ( 267)                 .FILL x006F
(310F) 006C  0000000001101100 ( 267)                 .FILL x006C
(3110) 0075  0000000001110101 ( 267)                 .FILL x0075
(3111) 006D  0000000001101101 ( 267)                 .FILL x006D
(3112) 006E  0000000001101110 ( 267)                 .FILL x006E
(3113) 003A  0000000000111010 ( 267)                 .FILL x003A
(3114) 0000  0000000000000000 ( 267)                 .FILL x0000
(3115) 0050  0000000001010000 ( 268) P1W             .FILL x0050
(3116) 006C  0000000001101100 ( 268)                 .FILL x006C
(3117) 0061  0000000001100001 ( 268)                 .FILL x0061
(3118) 0079  0000000001111001 ( 268)                 .FILL x0079
(3119) 0065  0000000001100101 ( 268)                 .FILL x0065
(311A) 0072  0000000001110010 ( 268)                 .FILL x0072
(311B) 0020  0000000000100000 ( 268)                 .FILL x0020
(311C) 0031  0000000000110001 ( 268)                 .FILL x0031
(311D) 0020  0000000000100000 ( 268)                 .FILL x0020
(311E) 0057  0000000001010111 ( 268)                 .FILL x0057
(311F) 0069  0000000001101001 ( 268)                 .FILL x0069
(3120) 006E  0000000001101110 ( 268)                 .FILL x006E
(3121) 0073  0000000001110011 ( 268)                 .FILL x0073
(3122) 002E  0000000000101110 ( 268)                 .FILL x002E
(3123) 000A  0000000000001010 ( 268)                 .FILL x000A
(3124) 0000  0000000000000000 ( 268)                 .FILL x0000
(3125) 0050  0000000001010000 ( 269) P2W             .FILL x0050
(3126) 006C  0000000001101100 ( 269)                 .FILL x006C
(3127) 0061  0000000001100001 ( 269)                 .FILL x0061
(3128) 0079  0000000001111001 ( 269)                 .FILL x0079
(3129) 0065  0000000001100101 ( 269)                 .FILL x0065
(312A) 0072  0000000001110010 ( 269)                 .FILL x0072
(312B) 0020  0000000000100000 ( 269)                 .FILL x0020
(312C) 0032  0000000000110010 ( 269)                 .FILL x0032
(312D) 0020  0000000000100000 ( 269)                 .FILL x0020
(312E) 0057  0000000001010111 ( 269)                 .FILL x0057
(312F) 0069  0000000001101001 ( 269)                 .FILL x0069
(3130) 006E  0000000001101110 ( 269)                 .FILL x006E
(3131) 0073  0000000001110011 ( 269)                 .FILL x0073
(3132) 002E  0000000000101110 ( 269)                 .FILL x002E
(3133) 000A  0000000000001010 ( 269)                 .FILL x000A
(3134) 0000  0000000000000000 ( 269)                 .FILL x0000
(3135) 0054  0000000001010100 ( 270) TIEG            .FILL x0054
(3136) 0069  0000000001101001 ( 270)                 .FILL x0069
(3137) 0065  0000000001100101 ( 270)                 .FILL x0065
(3138) 0020  0000000000100000 ( 270)                 .FILL x0020
(3139) 0047  0000000001000111 ( 270)                 .FILL x0047
(313A) 0061  0000000001100001 ( 270)                 .FILL x0061
(313B) 006D  0000000001101101 ( 270)                 .FILL x006D
(313C) 0065  0000000001100101 ( 270)                 .FILL x0065
(313D) 002E  0000000000101110 ( 270)                 .FILL x002E
(313E) 000A  0000000000001010 ( 270)                 .FILL x000A
(313F) 0000  0000000000000000 ( 270)                 .FILL x0000
(3140) 0049  0000000001001001 ( 271) ERROR           .FILL x0049
(3141) 006E  0000000001101110 ( 271)                 .FILL x006E
(3142) 0076  0000000001110110 ( 271)                 .FILL x0076
(3143) 0061  0000000001100001 ( 271)                 .FILL x0061
(3144) 0069  0000000001101001 ( 271)                 .FILL x0069
(3145) 006C  0000000001101100 ( 271)                 .FILL x006C
(3146) 0020  0000000000100000 ( 271)                 .FILL x0020
(3147) 006D  0000000001101101 ( 271)                 .FILL x006D
(3148) 006F  0000000001101111 ( 271)                 .FILL x006F
(3149) 0076  0000000001110110 ( 271)                 .FILL x0076
(314A) 0065  0000000001100101 ( 271)                 .FILL x0065
(314B) 002E  0000000000101110 ( 271)                 .FILL x002E
(314C) 0020  0000000000100000 ( 271)                 .FILL x0020
(314D) 0054  0000000001010100 ( 271)                 .FILL x0054
(314E) 0072  0000000001110010 ( 271)                 .FILL x0072
(314F) 0079  0000000001111001 ( 271)                 .FILL x0079
(3150) 0020  0000000000100000 ( 271)                 .FILL x0020
(3151) 0061  0000000001100001 ( 271)                 .FILL x0061
(3152) 0067  0000000001100111 ( 271)                 .FILL x0067
(3153) 0061  0000000001100001 ( 271)                 .FILL x0061
(3154) 0069  0000000001101001 ( 271)                 .FILL x0069
(3155) 006E  0000000001101110 ( 271)                 .FILL x006E
(3156) 002E  0000000000101110 ( 271)                 .FILL x002E
(3157) 000A  0000000000001010 ( 271)                 .FILL x000A
(3158) 0000  0000000000000000 ( 271)                 .FILL x0000
(3159) 0000  0000000000000000 ( 273) SAVER00         .FILL x0000
(315A) 0000  0000000000000000 ( 274) SAVER11         .FILL x0000
(315B) 0000  0000000000000000 ( 275) SAVER22         .FILL x0000
(315C) 0000  0000000000000000 ( 276) SAVER33         .FILL x0000
(315D) 0000  0000000000000000 ( 277) SAVER44         .FILL x0000
(315E) 0000  0000000000000000 ( 278) SAVER55         .FILL x0000
(315F) 0000  0000000000000000 ( 279) SAVER66         .FILL x0000
(3160) 0000  0000000000000000 ( 280) SAVER77         .FILL x0000
(3161) 5000  0101000000000000 ( 281) MAPP            .FILL x5000
(3162) 5020  0101000000100000 ( 283) JUDGE3          AND   R0 R0 #0
(3163) 33F6  0011001111110110 ( 284)                 ST    R1 SAVER11
(3164) 35F6  0011010111110110 ( 285)                 ST    R2 SAVER22
(3165) 37F6  0011011111110110 ( 286)                 ST    R3 SAVER33
(3166) 39F6  0011100111110110 ( 287)                 ST    R4 SAVER44
(3167) 3BF6  0011101111110110 ( 288)                 ST    R5 SAVER55
(3168) 5DA0  0101110110100000 ( 289)                 AND   R6 R6 #0
(3169) 3FF6  0011111111110110 ( 290)                 ST    R7 SAVER77
(316A) 23F6  0010001111110110 ( 291)                 LD    R1 MAPP
(316B) 54A0  0101010010100000 ( 292)                 AND   R2 R2 #0
(316C) 14A6  0001010010100110 ( 293)                 ADD   R2 R2 #6
(316D) 56E0  0101011011100000 ( 295) NEXT32          AND   R3 R3 #0
(316E) 16E3  0001011011100011 ( 296)                 ADD   R3 R3 #3
(316F) 5920  0101100100100000 ( 298) NEXTPOINT32     AND   R4 R4 #0
(3170) 1924  0001100100100100 ( 299)                 ADD   R4 R4 #4
(3171) 5B60  0101101101100000 ( 300)                 AND   R5 R5 #0
(3172) 6040  0110000001000000 ( 302) LOOPCOUNT3      LDR   R0 R1 #0
(3173) 1B40  0001101101000000 ( 303)                 ADD   R5 R5 R0
(3174) 1267  0001001001100111 ( 304)                 ADD   R1 R1 #7
(3175) 193F  0001100100111111 ( 305)                 ADD   R4 R4 #-1
(3176) 0401  0000010000000001 ( 306)                 BRZ   NEXTPOINT31
(3177) 0FFA  0000111111111010 ( 307)                 BRNZP LOOPCOUNT3
(3178) 117C  0001000101111100 ( 309) NEXTPOINT31     ADD   R0 R5 #-4
(3179) 040D  0000010000001101 ( 310)                 BRZ   P1WIN3
(317A) 1164  0001000101100100 ( 311)                 ADD   R0 R5 #4
(317B) 040D  0000010000001101 ( 312)                 BRZ   P2WIN3
(317C) 1279  0001001001111001 ( 313)                 ADD   R1 R1 #-7
(317D) 1279  0001001001111001 ( 314)                 ADD   R1 R1 #-7
(317E) 1279  0001001001111001 ( 315)                 ADD   R1 R1 #-7
(317F) 127A  0001001001111010 ( 316)                 ADD   R1 R1 #-6
(3180) 16FF  0001011011111111 ( 317)                 ADD   R3 R3 #-1
(3181) 0401  0000010000000001 ( 318)                 BRZ   NEXT31
(3182) 0FEC  0000111111101100 ( 319)                 BRNZP NEXTPOINT32
(3183) 14BF  0001010010111111 ( 321) NEXT31          ADD   R2 R2 #-1
(3184) 0405  0000010000000101 ( 322)                 BRZ   RESTORER3
(3185) 1263  0001001001100011 ( 323)                 ADD   R1 R1 #3
(3186) 0FE6  0000111111100110 ( 324)                 BRNZP NEXT32
(3187) 1DA1  0001110110100001 ( 326) P1WIN3          ADD   R6 R6 #1
(3188) 0E01  0000111000000001 ( 327)                 BRNZP RESTORER3
(3189) 1DBF  0001110110111111 ( 328) P2WIN3          ADD   R6 R6 #-1
(318A) 23CF  0010001111001111 ( 330) RESTORER3       LD    R1 SAVER11
(318B) 25CF  0010010111001111 ( 331)                 LD    R2 SAVER22
(318C) 27CF  0010011111001111 ( 332)                 LD    R3 SAVER33
(318D) 29CF  0010100111001111 ( 333)                 LD    R4 SAVER44
(318E) 2BCF  0010101111001111 ( 334)                 LD    R5 SAVER55
(318F) 2FD0  0010111111010000 ( 335)                 LD    R7 SAVER77
(3190) C1C0  1100000111000000 ( 336)                 RET   
(3191) 5020  0101000000100000 ( 339) JUDGE4          AND   R0 R0 #0
(3192) 33C7  0011001111000111 ( 340)                 ST    R1 SAVER11
(3193) 35C7  0011010111000111 ( 341)                 ST    R2 SAVER22
(3194) 37C7  0011011111000111 ( 342)                 ST    R3 SAVER33
(3195) 39C7  0011100111000111 ( 343)                 ST    R4 SAVER44
(3196) 3BC7  0011101111000111 ( 344)                 ST    R5 SAVER55
(3197) 5DA0  0101110110100000 ( 345)                 AND   R6 R6 #0
(3198) 3FC7  0011111111000111 ( 346)                 ST    R7 SAVER77
(3199) 23C7  0010001111000111 ( 348)                 LD    R1 MAPP
(319A) 126C  0001001001101100 ( 349)                 ADD   R1 R1 #12
(319B) 126C  0001001001101100 ( 350)                 ADD   R1 R1 #12
(319C) 1266  0001001001100110 ( 351)                 ADD   R1 R1 #6
(319D) 54A0  0101010010100000 ( 353)                 AND   R2 R2 #0
(319E) 14A6  0001010010100110 ( 354)                 ADD   R2 R2 #6
(319F) 56E0  0101011011100000 ( 356) NEXT42          AND   R3 R3 #0
(31A0) 16E3  0001011011100011 ( 357)                 ADD   R3 R3 #3
(31A1) 5920  0101100100100000 ( 359) NEXTPOINT42     AND   R4 R4 #0
(31A2) 1924  0001100100100100 ( 360)                 ADD   R4 R4 #4
(31A3) 5B60  0101101101100000 ( 361)                 AND   R5 R5 #0
(31A4) 6040  0110000001000000 ( 363) LOOPCOUNT4      LDR   R0 R1 #0
(31A5) 1B40  0001101101000000 ( 364)                 ADD   R5 R5 R0
(31A6) 127B  0001001001111011 ( 365)                 ADD   R1 R1 #-5
(31A7) 193F  0001100100111111 ( 366)                 ADD   R4 R4 #-1
(31A8) 0401  0000010000000001 ( 367)                 BRZ   NEXTPOINT41
(31A9) 0FFA  0000111111111010 ( 368)                 BRNZP LOOPCOUNT4
(31AA) 117C  0001000101111100 ( 370) NEXTPOINT41     ADD   R0 R5 #-4
(31AB) 040B  0000010000001011 ( 371)                 BRZ   P1WIN4
(31AC) 1164  0001000101100100 ( 372)                 ADD   R0 R5 #4
(31AD) 040B  0000010000001011 ( 373)                 BRZ   P2WIN4
(31AE) 126F  0001001001101111 ( 374)                 ADD   R1 R1 #15
(31AF) 1266  0001001001100110 ( 375)                 ADD   R1 R1 #6
(31B0) 16FF  0001011011111111 ( 376)                 ADD   R3 R3 #-1
(31B1) 0401  0000010000000001 ( 377)                 BRZ   NEXT41
(31B2) 0FEE  0000111111101110 ( 378)                 BRNZP NEXTPOINT42
(31B3) 14BF  0001010010111111 ( 380) NEXT41          ADD   R2 R2 #-1
(31B4) 0405  0000010000000101 ( 381)                 BRZ   RESTORER4
(31B5) 1277  0001001001110111 ( 382)                 ADD   R1 R1 #-9
(31B6) 0FE8  0000111111101000 ( 383)                 BRNZP NEXT42
(31B7) 1DA1  0001110110100001 ( 385) P1WIN4          ADD   R6 R6 #1
(31B8) 0E01  0000111000000001 ( 386)                 BRNZP RESTORER4
(31B9) 1DBF  0001110110111111 ( 387) P2WIN4          ADD   R6 R6 #-1
(31BA) 239F  0010001110011111 ( 389) RESTORER4       LD    R1 SAVER11
(31BB) 259F  0010010110011111 ( 390)                 LD    R2 SAVER22
(31BC) 279F  0010011110011111 ( 391)                 LD    R3 SAVER33
(31BD) 299F  0010100110011111 ( 392)                 LD    R4 SAVER44
(31BE) 2B9F  0010101110011111 ( 393)                 LD    R5 SAVER55
(31BF) 2FA0  0010111110100000 ( 394)                 LD    R7 SAVER77
(31C0) C1C0  1100000111000000 ( 395)                 RET   
