(0000) 3000  0011000000000000 (   1)                 .ORIG x3000
(3000) 0E9E  0000111010011110 (   2)                 BRNZP pre_main
(3001) 30C9  0011000011001001 (   4) print           ST    R0 save_R0
(3002) 32C9  0011001011001001 (   5)                 ST    R1 save_R1
(3003) 34C9  0011010011001001 (   6)                 ST    R2 save_R2
(3004) 36C9  0011011011001001 (   7)                 ST    R3 save_R3
(3005) 38C9  0011100011001001 (   8)                 ST    R4 save_R4
(3006) 3AC9  0011101011001001 (   9)                 ST    R5 save_R5
(3007) 3CC9  0011110011001001 (  10)                 ST    R6 save_R6
(3008) 3EC9  0011111011001001 (  11)                 ST    R7 save_R7
(3009) 5260  0101001001100000 (  13)                 AND   R1 R1 #0
(300A) 1266  0001001001100110 (  14)                 ADD   R1 R1 #6
(300B) E69B  1110011010011011 (  15)                 LEA   R3 mat0x
(300C) 54A0  0101010010100000 (  18) pr_Loop1        AND   R2 R2 #0
(300D) 14A6  0001010010100110 (  19)                 ADD   R2 R2 #6
(300E) 68C0  0110100011000000 (  22) pr_Loop2        LDR   R4 R3 #0
(300F) 16E1  0001011011100001 (  23)                 ADD   R3 R3 #1
(3010) 1B20  0001101100100000 (  24)                 ADD   R5 R4 #0
(3011) 0408  0000010000001000 (  25)                 BRZ   pr_NULL
(3012) 0804  0000100000000100 (  26)                 BRN   pr_X
(3013) 0200  0000001000000000 (  27)                 BRP   pr_O
(3014) 208D  0010000010001101 (  29) pr_O            LD    R0 O
(3015) F021  1111000000100001 (  30)                 TRAP  x21
(3016) 0E05  0000111000000101 (  31)                 BRNZP pr_L2end
(3017) 208B  0010000010001011 (  32) pr_X            LD    R0 X
(3018) F021  1111000000100001 (  33)                 TRAP  x21
(3019) 0E02  0000111000000010 (  34)                 BRNZP pr_L2end
(301A) 2086  0010000010000110 (  35) pr_NULL         LD    R0 NULL
(301B) F021  1111000000100001 (  36)                 TRAP  x21
(301C) 2083  0010000010000011 (  39) pr_L2end        LD    R0 space
(301D) F021  1111000000100001 (  40)                 TRAP  x21
(301E) 14BF  0001010010111111 (  41)                 ADD   R2 R2 #-1
(301F) 03EE  0000001111101110 (  42)                 BRP   pr_Loop2
(3020) 2083  0010000010000011 (  43)                 LD    R0 nextLi
(3021) F021  1111000000100001 (  44)                 TRAP  x21
(3022) 127F  0001001001111111 (  45)                 ADD   R1 R1 #-1
(3023) 03E8  0000001111101000 (  46)                 BRP   pr_Loop1
(3024) 20A6  0010000010100110 (  48)                 LD    R0 save_R0
(3025) 22A6  0010001010100110 (  49)                 LD    R1 save_R1
(3026) 24A6  0010010010100110 (  50)                 LD    R2 save_R2
(3027) 26A6  0010011010100110 (  51)                 LD    R3 save_R3
(3028) 28A6  0010100010100110 (  52)                 LD    R4 save_R4
(3029) 2AA6  0010101010100110 (  53)                 LD    R5 save_R5
(302A) 2CA6  0010110010100110 (  54)                 LD    R6 save_R6
(302B) 2EA6  0010111010100110 (  55)                 LD    R7 save_R7
(302C) C1C0  1100000111000000 (  56)                 RET   
(302D) 309D  0011000010011101 (  60) judge1          ST    R0 save_R0
(302E) 329D  0011001010011101 (  61)                 ST    R1 save_R1
(302F) 349D  0011010010011101 (  62)                 ST    R2 save_R2
(3030) 369D  0011011010011101 (  63)                 ST    R3 save_R3
(3031) 389D  0011100010011101 (  64)                 ST    R4 save_R4
(3032) 3A9D  0011101010011101 (  65)                 ST    R5 save_R5
(3033) 3C9D  0011110010011101 (  66)                 ST    R6 save_R6
(3034) 3E9D  0011111010011101 (  67)                 ST    R7 save_R7
(3035) 5260  0101001001100000 (  70)                 AND   R1 R1 #0
(3036) 1263  0001001001100011 (  71)                 ADD   R1 R1 #3
(3037) E66F  1110011001101111 (  72)                 LEA   R3 mat0x
(3038) 54A0  0101010010100000 (  74) j1_Loop1        AND   R2 R2 #0
(3039) 14A6  0001010010100110 (  75)                 ADD   R2 R2 #6
(303A) 18FF  0001100011111111 (  77) j1_Loop2        ADD   R4 R3 #-1
(303B) 1902  0001100100000010 (  78)                 ADD   R4 R4 R2
(303C) 5B60  0101101101100000 (  79)                 AND   R5 R5 #0
(303D) 6100  0110000100000000 (  80)                 LDR   R0 R4 #0
(303E) 0419  0000010000011001 (  81)                 BRZ   j1_L2end
(303F) 103F  0001000000111111 (  82)                 ADD   R0 R0 #-1
(3040) 0A01  0000101000000001 (  83)                 BRNP  j1_ad1
(3041) 1B61  0001101101100001 (  84)                 ADD   R5 R5 #1
(3042) 1926  0001100100100110 (  85) j1_ad1          ADD   R4 R4 #6
(3043) 6100  0110000100000000 (  86)                 LDR   R0 R4 #0
(3044) 0413  0000010000010011 (  87)                 BRZ   j1_L2end
(3045) 103F  0001000000111111 (  88)                 ADD   R0 R0 #-1
(3046) 0A01  0000101000000001 (  89)                 BRNP  j1_ad2
(3047) 1B61  0001101101100001 (  90)                 ADD   R5 R5 #1
(3048) 1926  0001100100100110 (  91) j1_ad2          ADD   R4 R4 #6
(3049) 6100  0110000100000000 (  92)                 LDR   R0 R4 #0
(304A) 040D  0000010000001101 (  93)                 BRZ   j1_L2end
(304B) 103F  0001000000111111 (  94)                 ADD   R0 R0 #-1
(304C) 0A01  0000101000000001 (  95)                 BRNP  j1_ad3
(304D) 1B61  0001101101100001 (  96)                 ADD   R5 R5 #1
(304E) 1926  0001100100100110 (  97) j1_ad3          ADD   R4 R4 #6
(304F) 6100  0110000100000000 (  98)                 LDR   R0 R4 #0
(3050) 0407  0000010000000111 (  99)                 BRZ   j1_L2end
(3051) 103F  0001000000111111 ( 100)                 ADD   R0 R0 #-1
(3052) 0A01  0000101000000001 ( 101)                 BRNP  j1_ad4
(3053) 1B61  0001101101100001 ( 102)                 ADD   R5 R5 #1
(3054) 1D7C  0001110101111100 ( 103) j1_ad4          ADD   R6 R5 #-4
(3055) 047E  0000010001111110 ( 104)                 BRZ   winc1_pre
(3056) 1B60  0001101101100000 ( 105)                 ADD   R5 R5 #0
(3057) 047D  0000010001111101 ( 106)                 BRZ   winc2_pre
(3058) 14BF  0001010010111111 ( 108) j1_L2end        ADD   R2 R2 #-1
(3059) 03E0  0000001111100000 ( 109)                 BRP   j1_Loop2
(305A) 16E6  0001011011100110 ( 111)                 ADD   R3 R3 #6
(305B) 127F  0001001001111111 ( 112)                 ADD   R1 R1 #-1
(305C) 03DB  0000001111011011 ( 113)                 BRP   j1_Loop1
(305D) 206D  0010000001101101 ( 116)                 LD    R0 save_R0
(305E) 226D  0010001001101101 ( 117)                 LD    R1 save_R1
(305F) 246D  0010010001101101 ( 118)                 LD    R2 save_R2
(3060) 266D  0010011001101101 ( 119)                 LD    R3 save_R3
(3061) 286D  0010100001101101 ( 120)                 LD    R4 save_R4
(3062) 2A6D  0010101001101101 ( 121)                 LD    R5 save_R5
(3063) 2C6D  0010110001101101 ( 122)                 LD    R6 save_R6
(3064) 2E6D  0010111001101101 ( 123)                 LD    R7 save_R7
(3065) C1C0  1100000111000000 ( 124)                 RET   
(3066) 3064  0011000001100100 ( 128) judge2          ST    R0 save_R0
(3067) 3264  0011001001100100 ( 129)                 ST    R1 save_R1
(3068) 3464  0011010001100100 ( 130)                 ST    R2 save_R2
(3069) 3664  0011011001100100 ( 131)                 ST    R3 save_R3
(306A) 3864  0011100001100100 ( 132)                 ST    R4 save_R4
(306B) 3A64  0011101001100100 ( 133)                 ST    R5 save_R5
(306C) 3C64  0011110001100100 ( 134)                 ST    R6 save_R6
(306D) 3E64  0011111001100100 ( 135)                 ST    R7 save_R7
(306E) 5260  0101001001100000 ( 138)                 AND   R1 R1 #0
(306F) 1263  0001001001100011 ( 139)                 ADD   R1 R1 #3
(3070) E636  1110011000110110 ( 140)                 LEA   R3 mat0x
(3071) 54A0  0101010010100000 ( 142) j2_Loop1        AND   R2 R2 #0
(3072) 14A3  0001010010100011 ( 143)                 ADD   R2 R2 #3
(3073) 18FF  0001100011111111 ( 145) j2_Loop2        ADD   R4 R3 #-1
(3074) 1902  0001100100000010 ( 146)                 ADD   R4 R4 R2
(3075) 5B60  0101101101100000 ( 147)                 AND   R5 R5 #0
(3076) 6100  0110000100000000 ( 148)                 LDR   R0 R4 #0
(3077) 0419  0000010000011001 ( 149)                 BRZ   j2_L2end
(3078) 103F  0001000000111111 ( 150)                 ADD   R0 R0 #-1
(3079) 0A01  0000101000000001 ( 151)                 BRNP  j2_ad1
(307A) 1B61  0001101101100001 ( 152)                 ADD   R5 R5 #1
(307B) 1926  0001100100100110 ( 153) j2_ad1          ADD   R4 R4 #6
(307C) 6101  0110000100000001 ( 154)                 LDR   R0 R4 #1
(307D) 0413  0000010000010011 ( 155)                 BRZ   j2_L2end
(307E) 103F  0001000000111111 ( 156)                 ADD   R0 R0 #-1
(307F) 0A01  0000101000000001 ( 157)                 BRNP  j2_ad2
(3080) 1B61  0001101101100001 ( 158)                 ADD   R5 R5 #1
(3081) 1926  0001100100100110 ( 159) j2_ad2          ADD   R4 R4 #6
(3082) 6102  0110000100000010 ( 160)                 LDR   R0 R4 #2
(3083) 040D  0000010000001101 ( 161)                 BRZ   j2_L2end
(3084) 103F  0001000000111111 ( 162)                 ADD   R0 R0 #-1
(3085) 0A01  0000101000000001 ( 163)                 BRNP  j2_ad3
(3086) 1B61  0001101101100001 ( 164)                 ADD   R5 R5 #1
(3087) 1926  0001100100100110 ( 165) j2_ad3          ADD   R4 R4 #6
(3088) 6103  0110000100000011 ( 166)                 LDR   R0 R4 #3
(3089) 0407  0000010000000111 ( 167)                 BRZ   j2_L2end
(308A) 103F  0001000000111111 ( 168)                 ADD   R0 R0 #-1
(308B) 0A01  0000101000000001 ( 169)                 BRNP  j2_ad4
(308C) 1B61  0001101101100001 ( 170)                 ADD   R5 R5 #1
(308D) 1D7C  0001110101111100 ( 171) j2_ad4          ADD   R6 R5 #-4
(308E) 0445  0000010001000101 ( 172)                 BRZ   winc1_pre
(308F) 1B60  0001101101100000 ( 173)                 ADD   R5 R5 #0
(3090) 0444  0000010001000100 ( 174)                 BRZ   winc2_pre
(3091) 14BF  0001010010111111 ( 176) j2_L2end        ADD   R2 R2 #-1
(3092) 03E0  0000001111100000 ( 177)                 BRP   j2_Loop2
(3093) 16E6  0001011011100110 ( 179)                 ADD   R3 R3 #6
(3094) 127F  0001001001111111 ( 180)                 ADD   R1 R1 #-1
(3095) 03DB  0000001111011011 ( 181)                 BRP   j2_Loop1
(3096) 2034  0010000000110100 ( 184)                 LD    R0 save_R0
(3097) 2234  0010001000110100 ( 185)                 LD    R1 save_R1
(3098) 2434  0010010000110100 ( 186)                 LD    R2 save_R2
(3099) 2634  0010011000110100 ( 187)                 LD    R3 save_R3
(309A) 2834  0010100000110100 ( 188)                 LD    R4 save_R4
(309B) 2A34  0010101000110100 ( 189)                 LD    R5 save_R5
(309C) 2C34  0010110000110100 ( 190)                 LD    R6 save_R6
(309D) 2E34  0010111000110100 ( 191)                 LD    R7 save_R7
(309E) C1C0  1100000111000000 ( 192)                 RET   
(309F) 0E33  0000111000110011 ( 196) pre_main        BRNZP p_main
(30A0) 0020  0000000000100000 ( 201) space           .FILL x0020
(30A1) 002D  0000000000101101 ( 202) NULL            .FILL x002D
(30A2) 004F  0000000001001111 ( 203) O               .FILL x004F
(30A3) 0058  0000000001011000 ( 204) X               .FILL x0058
(30A4) 000D  0000000000001101 ( 205) nextLi          .FILL x000D
(30A5) B000  1011000000000000 ( 206) NEGMAP          .FILL xB000
(30A6) 501E  0101000000011110 ( 207) COL1            .FILL x501E
(30A7) 0000  0000000000000000 ( 210) mat0x           .FILL x0000
(30A8) 0000  0000000000000000 ( 211)                 .FILL x0000
(30A9) 0000  0000000000000000 ( 212)                 .FILL x0000
(30AA) 0000  0000000000000000 ( 213)                 .FILL x0000
(30AB) 0000  0000000000000000 ( 214)                 .FILL x0000
(30AC) 0000  0000000000000000 ( 215)                 .FILL x0000
(30AD) 0000  0000000000000000 ( 216) mat1x           .FILL x0000
(30AE) 0000  0000000000000000 ( 217)                 .FILL x0000
(30AF) 0000  0000000000000000 ( 218)                 .FILL x0000
(30B0) 0000  0000000000000000 ( 219)                 .FILL x0000
(30B1) 0000  0000000000000000 ( 220)                 .FILL x0000
(30B2) 0000  0000000000000000 ( 221)                 .FILL x0000
(30B3) 0000  0000000000000000 ( 222) mat2x           .FILL x0000
(30B4) 0000  0000000000000000 ( 223)                 .FILL x0000
(30B5) 0000  0000000000000000 ( 224)                 .FILL x0000
(30B6) 0000  0000000000000000 ( 225)                 .FILL x0000
(30B7) 0000  0000000000000000 ( 226)                 .FILL x0000
(30B8) 0000  0000000000000000 ( 227)                 .FILL x0000
(30B9) 0000  0000000000000000 ( 228) mat3x           .FILL x0000
(30BA) 0000  0000000000000000 ( 229)                 .FILL x0000
(30BB) 0000  0000000000000000 ( 230)                 .FILL x0000
(30BC) 0000  0000000000000000 ( 231)                 .FILL x0000
(30BD) 0000  0000000000000000 ( 232)                 .FILL x0000
(30BE) 0000  0000000000000000 ( 233)                 .FILL x0000
(30BF) 0000  0000000000000000 ( 234) mat4x           .FILL x0000
(30C0) 0000  0000000000000000 ( 235)                 .FILL x0000
(30C1) 0000  0000000000000000 ( 236)                 .FILL x0000
(30C2) 0000  0000000000000000 ( 237)                 .FILL x0000
(30C3) 0000  0000000000000000 ( 238)                 .FILL x0000
(30C4) 0000  0000000000000000 ( 239)                 .FILL x0000
(30C5) 0000  0000000000000000 ( 240) mat50           .FILL x0000
(30C6) 0000  0000000000000000 ( 241) mat51           .FILL x0000
(30C7) 0000  0000000000000000 ( 242) mat52           .FILL x0000
(30C8) 0000  0000000000000000 ( 243) mat53           .FILL x0000
(30C9) 0000  0000000000000000 ( 244) mat54           .FILL x0000
(30CA) 0000  0000000000000000 ( 245) mat55           .FILL x0000
(30CB) 0000  0000000000000000 ( 248) save_R0         .FILL x0000
(30CC) 0000  0000000000000000 ( 249) save_R1         .FILL x0000
(30CD) 0000  0000000000000000 ( 250) save_R2         .FILL x0000
(30CE) 0000  0000000000000000 ( 251) save_R3         .FILL x0000
(30CF) 0000  0000000000000000 ( 252) save_R4         .FILL x0000
(30D0) 0000  0000000000000000 ( 253) save_R5         .FILL x0000
(30D1) 0000  0000000000000000 ( 254) save_R6         .FILL x0000
(30D2) 0000  0000000000000000 ( 255) save_R7         .FILL x0000
(30D3) 0E78  0000111001111000 ( 259) p_main          BRNZP main
(30D4) 0EB3  0000111010110011 ( 260) winc1_pre       BRNZP winc1
(30D5) 0EB5  0000111010110101 ( 261) winc2_pre       BRNZP winc2
(30D6) 31F4  0011000111110100 ( 267) judge3          ST    R0 save_R0
(30D7) 33F4  0011001111110100 ( 268)                 ST    R1 save_R1
(30D8) 35F4  0011010111110100 ( 269)                 ST    R2 save_R2
(30D9) 37F4  0011011111110100 ( 270)                 ST    R3 save_R3
(30DA) 39F4  0011100111110100 ( 271)                 ST    R4 save_R4
(30DB) 3BF4  0011101111110100 ( 272)                 ST    R5 save_R5
(30DC) 3DF4  0011110111110100 ( 273)                 ST    R6 save_R6
(30DD) 3FF4  0011111111110100 ( 274)                 ST    R7 save_R7
(30DE) 5260  0101001001100000 ( 277)                 AND   R1 R1 #0
(30DF) 1263  0001001001100011 ( 278)                 ADD   R1 R1 #3
(30E0) E7C6  1110011111000110 ( 279)                 LEA   R3 mat0x
(30E1) 54A0  0101010010100000 ( 281) j3_l1           AND   R2 R2 #0
(30E2) 14A3  0001010010100011 ( 282)                 ADD   R2 R2 #3
(30E3) 18FF  0001100011111111 ( 284) j3_l2           ADD   R4 R3 #-1
(30E4) 1902  0001100100000010 ( 285)                 ADD   R4 R4 R2
(30E5) 1923  0001100100100011 ( 286)                 ADD   R4 R4 #3
(30E6) 5B60  0101101101100000 ( 287)                 AND   R5 R5 #0
(30E7) 6100  0110000100000000 ( 289)                 LDR   R0 R4 #0
(30E8) 0419  0000010000011001 ( 290)                 BRZ   j3_l2ed
(30E9) 103F  0001000000111111 ( 291)                 ADD   R0 R0 #-1
(30EA) 0A01  0000101000000001 ( 292)                 BRNP  j3_ad1
(30EB) 1B61  0001101101100001 ( 293)                 ADD   R5 R5 #1
(30EC) 1926  0001100100100110 ( 294) j3_ad1          ADD   R4 R4 #6
(30ED) 613F  0110000100111111 ( 295)                 LDR   R0 R4 #-1
(30EE) 0413  0000010000010011 ( 296)                 BRZ   j3_l2ed
(30EF) 103F  0001000000111111 ( 297)                 ADD   R0 R0 #-1
(30F0) 0A01  0000101000000001 ( 298)                 BRNP  j3_ad2
(30F1) 1B61  0001101101100001 ( 299)                 ADD   R5 R5 #1
(30F2) 1926  0001100100100110 ( 300) j3_ad2          ADD   R4 R4 #6
(30F3) 613E  0110000100111110 ( 301)                 LDR   R0 R4 #-2
(30F4) 040D  0000010000001101 ( 302)                 BRZ   j3_l2ed
(30F5) 103F  0001000000111111 ( 303)                 ADD   R0 R0 #-1
(30F6) 0A01  0000101000000001 ( 304)                 BRNP  j3_ad3
(30F7) 1B61  0001101101100001 ( 305)                 ADD   R5 R5 #1
(30F8) 1926  0001100100100110 ( 306) j3_ad3          ADD   R4 R4 #6
(30F9) 613D  0110000100111101 ( 307)                 LDR   R0 R4 #-3
(30FA) 0407  0000010000000111 ( 308)                 BRZ   j3_l2ed
(30FB) 103F  0001000000111111 ( 309)                 ADD   R0 R0 #-1
(30FC) 0A01  0000101000000001 ( 310)                 BRNP  j3_ad4
(30FD) 1B61  0001101101100001 ( 311)                 ADD   R5 R5 #1
(30FE) 1D7C  0001110101111100 ( 312) j3_ad4          ADD   R6 R5 #-4
(30FF) 05D4  0000010111010100 ( 313)                 BRZ   winc1_pre
(3100) 1B60  0001101101100000 ( 314)                 ADD   R5 R5 #0
(3101) 05D3  0000010111010011 ( 315)                 BRZ   winc2_pre
(3102) 14BF  0001010010111111 ( 317) j3_l2ed         ADD   R2 R2 #-1
(3103) 03DF  0000001111011111 ( 318)                 BRP   j3_l2
(3104) 16E6  0001011011100110 ( 320)                 ADD   R3 R3 #6
(3105) 127F  0001001001111111 ( 321)                 ADD   R1 R1 #-1
(3106) 03DA  0000001111011010 ( 322)                 BRP   j3_l1
(3107) 21C3  0010000111000011 ( 325)                 LD    R0 save_R0
(3108) 23C3  0010001111000011 ( 326)                 LD    R1 save_R1
(3109) 25C3  0010010111000011 ( 327)                 LD    R2 save_R2
(310A) 27C3  0010011111000011 ( 328)                 LD    R3 save_R3
(310B) 29C3  0010100111000011 ( 329)                 LD    R4 save_R4
(310C) 2BC3  0010101111000011 ( 330)                 LD    R5 save_R5
(310D) 2DC3  0010110111000011 ( 331)                 LD    R6 save_R6
(310E) 2FC3  0010111111000011 ( 332)                 LD    R7 save_R7
(310F) C1C0  1100000111000000 ( 333)                 RET   
(3110) 31BA  0011000110111010 ( 339) judge4          ST    R0 save_R0
(3111) 33BA  0011001110111010 ( 340)                 ST    R1 save_R1
(3112) 35BA  0011010110111010 ( 341)                 ST    R2 save_R2
(3113) 37BA  0011011110111010 ( 342)                 ST    R3 save_R3
(3114) 39BA  0011100110111010 ( 343)                 ST    R4 save_R4
(3115) 3BBA  0011101110111010 ( 344)                 ST    R5 save_R5
(3116) 3DBA  0011110110111010 ( 345)                 ST    R6 save_R6
(3117) 3FBA  0011111110111010 ( 346)                 ST    R7 save_R7
(3118) 5260  0101001001100000 ( 349)                 AND   R1 R1 #0
(3119) 1266  0001001001100110 ( 350)                 ADD   R1 R1 #6
(311A) E78C  1110011110001100 ( 351)                 LEA   R3 mat0x
(311B) 54A0  0101010010100000 ( 353) j4_l1           AND   R2 R2 #0
(311C) 14A3  0001010010100011 ( 354)                 ADD   R2 R2 #3
(311D) 18FF  0001100011111111 ( 356) j4_l2           ADD   R4 R3 #-1
(311E) 1902  0001100100000010 ( 357)                 ADD   R4 R4 R2
(311F) 5B60  0101101101100000 ( 358)                 AND   R5 R5 #0
(3120) 6100  0110000100000000 ( 360)                 LDR   R0 R4 #0
(3121) 0416  0000010000010110 ( 361)                 BRZ   j4_l2ed
(3122) 103F  0001000000111111 ( 362)                 ADD   R0 R0 #-1
(3123) 0A01  0000101000000001 ( 363)                 BRNP  j4_ad1
(3124) 1B61  0001101101100001 ( 364)                 ADD   R5 R5 #1
(3125) 6101  0110000100000001 ( 365) j4_ad1          LDR   R0 R4 #1
(3126) 0411  0000010000010001 ( 366)                 BRZ   j4_l2ed
(3127) 103F  0001000000111111 ( 367)                 ADD   R0 R0 #-1
(3128) 0A01  0000101000000001 ( 368)                 BRNP  j4_ad2
(3129) 1B61  0001101101100001 ( 369)                 ADD   R5 R5 #1
(312A) 6102  0110000100000010 ( 370) j4_ad2          LDR   R0 R4 #2
(312B) 040C  0000010000001100 ( 371)                 BRZ   j4_l2ed
(312C) 103F  0001000000111111 ( 372)                 ADD   R0 R0 #-1
(312D) 0A01  0000101000000001 ( 373)                 BRNP  j4_ad3
(312E) 1B61  0001101101100001 ( 374)                 ADD   R5 R5 #1
(312F) 6103  0110000100000011 ( 375) j4_ad3          LDR   R0 R4 #3
(3130) 0407  0000010000000111 ( 376)                 BRZ   j4_l2ed
(3131) 103F  0001000000111111 ( 377)                 ADD   R0 R0 #-1
(3132) 0A01  0000101000000001 ( 378)                 BRNP  j4_ad4
(3133) 1B61  0001101101100001 ( 379)                 ADD   R5 R5 #1
(3134) 1D7C  0001110101111100 ( 380) j4_ad4          ADD   R6 R5 #-4
(3135) 059E  0000010110011110 ( 381)                 BRZ   winc1_pre
(3136) 1B60  0001101101100000 ( 382)                 ADD   R5 R5 #0
(3137) 059D  0000010110011101 ( 383)                 BRZ   winc2_pre
(3138) 14BF  0001010010111111 ( 385) j4_l2ed         ADD   R2 R2 #-1
(3139) 03E3  0000001111100011 ( 386)                 BRP   j4_l2
(313A) 16E6  0001011011100110 ( 388)                 ADD   R3 R3 #6
(313B) 127F  0001001001111111 ( 389)                 ADD   R1 R1 #-1
(313C) 03DE  0000001111011110 ( 390)                 BRP   j4_l1
(313D) 218D  0010000110001101 ( 393)                 LD    R0 save_R0
(313E) 238D  0010001110001101 ( 394)                 LD    R1 save_R1
(313F) 258D  0010010110001101 ( 395)                 LD    R2 save_R2
(3140) 278D  0010011110001101 ( 396)                 LD    R3 save_R3
(3141) 298D  0010100110001101 ( 397)                 LD    R4 save_R4
(3142) 2B8D  0010101110001101 ( 398)                 LD    R5 save_R5
(3143) 2D8D  0010110110001101 ( 399)                 LD    R6 save_R6
(3144) 2F8D  0010111110001101 ( 400)                 LD    R7 save_R7
(3145) C1C0  1100000111000000 ( 401)                 RET   
(3146) 0000  0000000000000000 ( 406) ptr0            .FILL x0000
(3147) 0000  0000000000000000 ( 407) ptr1            .FILL x0000
(3148) 0000  0000000000000000 ( 408) ptr2            .FILL x0000
(3149) 0000  0000000000000000 ( 409) ptr3            .FILL x0000
(314A) 0000  0000000000000000 ( 410) ptr4            .FILL x0000
(314B) 0000  0000000000000000 ( 411) ptr5            .FILL x0000
(314C) 5260  0101001001100000 ( 415) main            AND   R1 R1 #0
(314D) 126C  0001001001101100 ( 416)                 ADD   R1 R1 #12
(314E) 126C  0001001001101100 ( 417)                 ADD   R1 R1 #12
(314F) 126C  0001001001101100 ( 418)                 ADD   R1 R1 #12
(3150) 4EB0  0100111010110000 ( 420)                 JSR   print
(3151) 043C  0000010000111100 ( 421) STEP1           BRZ   TieGame
(3152) 56E0  0101011011100000 ( 422) STEP11          AND   R3 R3 #0
(3153) 5461  0101010001100001 ( 423)                 AND   R2 R1 #1
(3154) 0204  0000001000000100 ( 424)                 BRP   P2IN
(3155) E03C  1110000000111100 ( 425) P1IN            LEA   R0 p1inp
(3156) F022  1111000000100010 ( 426)                 TRAP  x22
(3157) 16E1  0001011011100001 ( 427)                 ADD   R3 R3 #1
(3158) 0E03  0000111000000011 ( 428)                 BRNZP STEP2
(3159) E052  1110000001010010 ( 429) P2IN            LEA   R0 p2inp
(315A) F022  1111000000100010 ( 430)                 TRAP  x22
(315B) 16FF  0001011011111111 ( 431)                 ADD   R3 R3 #-1
(315C) F023  1111000000100011 ( 435) STEP2           TRAP  x23
(315D) 1420  0001010000100000 ( 436)                 ADD   R2 R0 #0
(315E) 2032  0010000000110010 ( 437)                 LD    R0 nextLi_
(315F) F021  1111000000100001 ( 438)                 TRAP  x21
(3160) 14B0  0001010010110000 ( 440) STEP3           ADD   R2 R2 #-16
(3161) 14B0  0001010010110000 ( 441)                 ADD   R2 R2 #-16
(3162) 14B0  0001010010110000 ( 442)                 ADD   R2 R2 #-16
(3163) 14BF  0001010010111111 ( 443)                 ADD   R2 R2 #-1
(3164) 0803  0000100000000011 ( 444)                 BRN   ERROR
(3165) 10BB  0001000010111011 ( 445)                 ADD   R0 R2 #-5
(3166) 0201  0000001000000001 ( 446)                 BRP   ERROR
(3167) 0E04  0000111000000100 ( 447)                 BRNZP STEP4
(3168) 4E98  0100111010011000 ( 448) ERROR           JSR   print
(3169) E066  1110000001100110 ( 449)                 LEA   R0 error
(316A) F022  1111000000100010 ( 450)                 TRAP  x22
(316B) 0FE6  0000111111100110 ( 451)                 BRNZP STEP11
(316C) EB39  1110101100111001 ( 453) STEP4           LEA   R5 COL1
(316D) 1B42  0001101101000010 ( 454)                 ADD   R5 R5 R2
(316E) 6940  0110100101000000 ( 455)                 LDR   R4 R5 #0
(316F) 2135  0010000100110101 ( 456)                 LD    R0 NEGMAP
(3170) 1004  0001000000000100 ( 457)                 ADD   R0 R0 R4
(3171) 09F6  0000100111110110 ( 458)                 BRN   ERROR
(3172) 7700  0111011100000000 ( 459)                 STR   R3 R4 #0
(3173) 193A  0001100100111010 ( 460)                 ADD   R4 R4 #-6
(3174) 7940  0111100101000000 ( 461)                 STR   R4 R5 #0
(3175) 4E8B  0100111010001011 ( 463) PRINTF          JSR   print
(3176) 4EB6  0100111010110110 ( 465) JUDGEWIN        JSR   judge1
(3177) 1DA0  0001110110100000 ( 466)                 ADD   R6 R6 #0
(3178) 0812  0000100000010010 ( 467)                 BRN   winc2
(3179) 020E  0000001000001110 ( 468)                 BRP   winc1
(317A) 4EEB  0100111011101011 ( 469)                 JSR   judge2
(317B) 1DA0  0001110110100000 ( 470)                 ADD   R6 R6 #0
(317C) 080E  0000100000001110 ( 471)                 BRN   winc2
(317D) 020A  0000001000001010 ( 472)                 BRP   winc1
(317E) 4F57  0100111101010111 ( 473)                 JSR   judge3
(317F) 1DA0  0001110110100000 ( 474)                 ADD   R6 R6 #0
(3180) 080A  0000100000001010 ( 475)                 BRN   winc2
(3181) 0206  0000001000000110 ( 476)                 BRP   winc1
(3182) 4F8D  0100111110001101 ( 477)                 JSR   judge4
(3183) 1DA0  0001110110100000 ( 478)                 ADD   R6 R6 #0
(3184) 0806  0000100000000110 ( 479)                 BRN   winc2
(3185) 0202  0000001000000010 ( 480)                 BRP   winc1
(3186) 127F  0001001001111111 ( 481)                 ADD   R1 R1 #-1
(3187) 0FC9  0000111111001001 ( 482)                 BRNZP STEP1
(3188) E061  1110000001100001 ( 484) winc1           LEA   R0 p1win
(3189) F022  1111000000100010 ( 485)                 TRAP  x22
(318A) 0E05  0000111000000101 ( 486)                 BRNZP EOM
(318B) E06C  1110000001101100 ( 487) winc2           LEA   R0 p2win
(318C) F022  1111000000100010 ( 488)                 TRAP  x22
(318D) 0E02  0000111000000010 ( 489)                 BRNZP EOM
(318E) E037  1110000000110111 ( 490) TieGame         LEA   R0 Tie
(318F) F022  1111000000100010 ( 491)                 TRAP  x22
(3190) F025  1111000000100101 ( 492) EOM             TRAP  x25
(3191) 000D  0000000000001101 ( 499) nextLi_         .FILL x000D
(3192) 0070  0000000001110000 ( 501) p1inp           .FILL x0070
(3193) 006C  0000000001101100 ( 501)                 .FILL x006C
(3194) 0061  0000000001100001 ( 501)                 .FILL x0061
(3195) 0079  0000000001111001 ( 501)                 .FILL x0079
(3196) 0065  0000000001100101 ( 501)                 .FILL x0065
(3197) 0072  0000000001110010 ( 501)                 .FILL x0072
(3198) 0020  0000000000100000 ( 501)                 .FILL x0020
(3199) 0031  0000000000110001 ( 501)                 .FILL x0031
(319A) 0020  0000000000100000 ( 501)                 .FILL x0020
(319B) 0063  0000000001100011 ( 501)                 .FILL x0063
(319C) 0068  0000000001101000 ( 501)                 .FILL x0068
(319D) 006F  0000000001101111 ( 501)                 .FILL x006F
(319E) 006F  0000000001101111 ( 501)                 .FILL x006F
(319F) 0073  0000000001110011 ( 501)                 .FILL x0073
(31A0) 0065  0000000001100101 ( 501)                 .FILL x0065
(31A1) 0020  0000000000100000 ( 501)                 .FILL x0020
(31A2) 0061  0000000001100001 ( 501)                 .FILL x0061
(31A3) 0020  0000000000100000 ( 501)                 .FILL x0020
(31A4) 0063  0000000001100011 ( 501)                 .FILL x0063
(31A5) 006C  0000000001101100 ( 501)                 .FILL x006C
(31A6) 006F  0000000001101111 ( 501)                 .FILL x006F
(31A7) 0075  0000000001110101 ( 501)                 .FILL x0075
(31A8) 006D  0000000001101101 ( 501)                 .FILL x006D
(31A9) 006E  0000000001101110 ( 501)                 .FILL x006E
(31AA) 003A  0000000000111010 ( 501)                 .FILL x003A
(31AB) 0000  0000000000000000 ( 501)                 .FILL x0000
(31AC) 0070  0000000001110000 ( 502) p2inp           .FILL x0070
(31AD) 006C  0000000001101100 ( 502)                 .FILL x006C
(31AE) 0061  0000000001100001 ( 502)                 .FILL x0061
(31AF) 0079  0000000001111001 ( 502)                 .FILL x0079
(31B0) 0065  0000000001100101 ( 502)                 .FILL x0065
(31B1) 0072  0000000001110010 ( 502)                 .FILL x0072
(31B2) 0020  0000000000100000 ( 502)                 .FILL x0020
(31B3) 0032  0000000000110010 ( 502)                 .FILL x0032
(31B4) 0020  0000000000100000 ( 502)                 .FILL x0020
(31B5) 0063  0000000001100011 ( 502)                 .FILL x0063
(31B6) 0068  0000000001101000 ( 502)                 .FILL x0068
(31B7) 006F  0000000001101111 ( 502)                 .FILL x006F
(31B8) 006F  0000000001101111 ( 502)                 .FILL x006F
(31B9) 0073  0000000001110011 ( 502)                 .FILL x0073
(31BA) 0065  0000000001100101 ( 502)                 .FILL x0065
(31BB) 0020  0000000000100000 ( 502)                 .FILL x0020
(31BC) 0061  0000000001100001 ( 502)                 .FILL x0061
(31BD) 0020  0000000000100000 ( 502)                 .FILL x0020
(31BE) 0063  0000000001100011 ( 502)                 .FILL x0063
(31BF) 006C  0000000001101100 ( 502)                 .FILL x006C
(31C0) 006F  0000000001101111 ( 502)                 .FILL x006F
(31C1) 0075  0000000001110101 ( 502)                 .FILL x0075
(31C2) 006D  0000000001101101 ( 502)                 .FILL x006D
(31C3) 006E  0000000001101110 ( 502)                 .FILL x006E
(31C4) 003A  0000000000111010 ( 502)                 .FILL x003A
(31C5) 0000  0000000000000000 ( 502)                 .FILL x0000
(31C6) 0054  0000000001010100 ( 503) Tie             .FILL x0054
(31C7) 0069  0000000001101001 ( 503)                 .FILL x0069
(31C8) 0065  0000000001100101 ( 503)                 .FILL x0065
(31C9) 0020  0000000000100000 ( 503)                 .FILL x0020
(31CA) 0047  0000000001000111 ( 503)                 .FILL x0047
(31CB) 0061  0000000001100001 ( 503)                 .FILL x0061
(31CC) 006D  0000000001101101 ( 503)                 .FILL x006D
(31CD) 0065  0000000001100101 ( 503)                 .FILL x0065
(31CE) 000A  0000000000001010 ( 503)                 .FILL x000A
(31CF) 0000  0000000000000000 ( 503)                 .FILL x0000
(31D0) 0049  0000000001001001 ( 504) error           .FILL x0049
(31D1) 006E  0000000001101110 ( 504)                 .FILL x006E
(31D2) 0076  0000000001110110 ( 504)                 .FILL x0076
(31D3) 0061  0000000001100001 ( 504)                 .FILL x0061
(31D4) 006C  0000000001101100 ( 504)                 .FILL x006C
(31D5) 0069  0000000001101001 ( 504)                 .FILL x0069
(31D6) 0064  0000000001100100 ( 504)                 .FILL x0064
(31D7) 0020  0000000000100000 ( 504)                 .FILL x0020
(31D8) 006D  0000000001101101 ( 504)                 .FILL x006D
(31D9) 006F  0000000001101111 ( 504)                 .FILL x006F
(31DA) 0076  0000000001110110 ( 504)                 .FILL x0076
(31DB) 0065  0000000001100101 ( 504)                 .FILL x0065
(31DC) 002E  0000000000101110 ( 504)                 .FILL x002E
(31DD) 0020  0000000000100000 ( 504)                 .FILL x0020
(31DE) 0054  0000000001010100 ( 504)                 .FILL x0054
(31DF) 0072  0000000001110010 ( 504)                 .FILL x0072
(31E0) 0079  0000000001111001 ( 504)                 .FILL x0079
(31E1) 0020  0000000000100000 ( 504)                 .FILL x0020
(31E2) 0061  0000000001100001 ( 504)                 .FILL x0061
(31E3) 0067  0000000001100111 ( 504)                 .FILL x0067
(31E4) 0061  0000000001100001 ( 504)                 .FILL x0061
(31E5) 0069  0000000001101001 ( 504)                 .FILL x0069
(31E6) 006E  0000000001101110 ( 504)                 .FILL x006E
(31E7) 002E  0000000000101110 ( 504)                 .FILL x002E
(31E8) 000A  0000000000001010 ( 504)                 .FILL x000A
(31E9) 0000  0000000000000000 ( 504)                 .FILL x0000
(31EA) 0070  0000000001110000 ( 505) p1win           .FILL x0070
(31EB) 006C  0000000001101100 ( 505)                 .FILL x006C
(31EC) 0061  0000000001100001 ( 505)                 .FILL x0061
(31ED) 0079  0000000001111001 ( 505)                 .FILL x0079
(31EE) 0065  0000000001100101 ( 505)                 .FILL x0065
(31EF) 0072  0000000001110010 ( 505)                 .FILL x0072
(31F0) 0020  0000000000100000 ( 505)                 .FILL x0020
(31F1) 0031  0000000000110001 ( 505)                 .FILL x0031
(31F2) 0020  0000000000100000 ( 505)                 .FILL x0020
(31F3) 0077  0000000001110111 ( 505)                 .FILL x0077
(31F4) 0069  0000000001101001 ( 505)                 .FILL x0069
(31F5) 006E  0000000001101110 ( 505)                 .FILL x006E
(31F6) 000A  0000000000001010 ( 505)                 .FILL x000A
(31F7) 0000  0000000000000000 ( 505)                 .FILL x0000
(31F8) 0070  0000000001110000 ( 506) p2win           .FILL x0070
(31F9) 006C  0000000001101100 ( 506)                 .FILL x006C
(31FA) 0061  0000000001100001 ( 506)                 .FILL x0061
(31FB) 0079  0000000001111001 ( 506)                 .FILL x0079
(31FC) 0065  0000000001100101 ( 506)                 .FILL x0065
(31FD) 0072  0000000001110010 ( 506)                 .FILL x0072
(31FE) 0020  0000000000100000 ( 506)                 .FILL x0020
(31FF) 0032  0000000000110010 ( 506)                 .FILL x0032
(3200) 0020  0000000000100000 ( 506)                 .FILL x0020
(3201) 0077  0000000001110111 ( 506)                 .FILL x0077
(3202) 0069  0000000001101001 ( 506)                 .FILL x0069
(3203) 006E  0000000001101110 ( 506)                 .FILL x006E
(3204) 000A  0000000000001010 ( 506)                 .FILL x000A
(3205) 0000  0000000000000000 ( 506)                 .FILL x0000
