(0000) 3000  0011000000000000 (   1)                 .ORIG x3000
(3000) 0E9E  0000111010011110 (   2)                 BRNZP pre_main
(3001) 30C7  0011000011000111 (   4) print           ST    R0 save_R0
(3002) 32C7  0011001011000111 (   5)                 ST    R1 save_R1
(3003) 34C7  0011010011000111 (   6)                 ST    R2 save_R2
(3004) 36C7  0011011011000111 (   7)                 ST    R3 save_R3
(3005) 38C7  0011100011000111 (   8)                 ST    R4 save_R4
(3006) 3AC7  0011101011000111 (   9)                 ST    R5 save_R5
(3007) 3CC7  0011110011000111 (  10)                 ST    R6 save_R6
(3008) 3EC7  0011111011000111 (  11)                 ST    R7 save_R7
(3009) 5260  0101001001100000 (  13)                 AND   R1 R1 #0
(300A) 1266  0001001001100110 (  14)                 ADD   R1 R1 #6
(300B) E699  1110011010011001 (  15)                 LEA   R3 mat0x
(300C) 54A0  0101010010100000 (  18) pr_Loop1        AND   R2 R2 #0
(300D) 14A6  0001010010100110 (  19)                 ADD   R2 R2 #6
(300E) 68C0  0110100011000000 (  22) pr_Loop2        LDR   R4 R3 #0
(300F) 16E1  0001011011100001 (  23)                 ADD   R3 R3 #1
(3010) 1B20  0001101100100000 (  24)                 ADD   R5 R4 #0
(3011) 0408  0000010000001000 (  25)                 BRZ   pr_NULL
(3012) 0804  0000100000000100 (  26)                 BRN   pr_X
(3013) 0200  0000001000000000 (  27)                 BRP   pr_O
(3014) 208D  0010000010001101 (  29) pr_O            LD    R0 O
(3015) F021  1111000000100001 (  30)                 TRAP  x21
(3016) 0E05  0000111000000101 (  31)                 BRNZP pr_L2end
(3017) 208B  0010000010001011 (  32) pr_X            LD    R0 X
(3018) F021  1111000000100001 (  33)                 TRAP  x21
(3019) 0E02  0000111000000010 (  34)                 BRNZP pr_L2end
(301A) 2086  0010000010000110 (  35) pr_NULL         LD    R0 NULL
(301B) F021  1111000000100001 (  36)                 TRAP  x21
(301C) 2083  0010000010000011 (  39) pr_L2end        LD    R0 space
(301D) F021  1111000000100001 (  40)                 TRAP  x21
(301E) 14BF  0001010010111111 (  41)                 ADD   R2 R2 #-1
(301F) 03EE  0000001111101110 (  42)                 BRP   pr_Loop2
(3020) 2083  0010000010000011 (  43)                 LD    R0 nextLi
(3021) F021  1111000000100001 (  44)                 TRAP  x21
(3022) 127F  0001001001111111 (  45)                 ADD   R1 R1 #-1
(3023) 03E8  0000001111101000 (  46)                 BRP   pr_Loop1
(3024) 20A4  0010000010100100 (  48)                 LD    R0 save_R0
(3025) 22A4  0010001010100100 (  49)                 LD    R1 save_R1
(3026) 24A4  0010010010100100 (  50)                 LD    R2 save_R2
(3027) 26A4  0010011010100100 (  51)                 LD    R3 save_R3
(3028) 28A4  0010100010100100 (  52)                 LD    R4 save_R4
(3029) 2AA4  0010101010100100 (  53)                 LD    R5 save_R5
(302A) 2CA4  0010110010100100 (  54)                 LD    R6 save_R6
(302B) 2EA4  0010111010100100 (  55)                 LD    R7 save_R7
(302C) C1C0  1100000111000000 (  56)                 RET   
(302D) 309B  0011000010011011 (  60) judge1          ST    R0 save_R0
(302E) 329B  0011001010011011 (  61)                 ST    R1 save_R1
(302F) 349B  0011010010011011 (  62)                 ST    R2 save_R2
(3030) 369B  0011011010011011 (  63)                 ST    R3 save_R3
(3031) 389B  0011100010011011 (  64)                 ST    R4 save_R4
(3032) 3A9B  0011101010011011 (  65)                 ST    R5 save_R5
(3033) 3C9B  0011110010011011 (  66)                 ST    R6 save_R6
(3034) 3E9B  0011111010011011 (  67)                 ST    R7 save_R7
(3035) 5260  0101001001100000 (  70)                 AND   R1 R1 #0
(3036) 1263  0001001001100011 (  71)                 ADD   R1 R1 #3
(3037) E66D  1110011001101101 (  72)                 LEA   R3 mat0x
(3038) 54A0  0101010010100000 (  74) j1_Loop1        AND   R2 R2 #0
(3039) 14A6  0001010010100110 (  75)                 ADD   R2 R2 #6
(303A) 18FF  0001100011111111 (  77) j1_Loop2        ADD   R4 R3 #-1
(303B) 1902  0001100100000010 (  78)                 ADD   R4 R4 R2
(303C) 5B60  0101101101100000 (  79)                 AND   R5 R5 #0
(303D) 6100  0110000100000000 (  80)                 LDR   R0 R4 #0
(303E) 0419  0000010000011001 (  81)                 BRZ   j1_L2end
(303F) 103F  0001000000111111 (  82)                 ADD   R0 R0 #-1
(3040) 0A01  0000101000000001 (  83)                 BRNP  j1_ad1
(3041) 1B61  0001101101100001 (  84)                 ADD   R5 R5 #1
(3042) 1926  0001100100100110 (  85) j1_ad1          ADD   R4 R4 #6
(3043) 6100  0110000100000000 (  86)                 LDR   R0 R4 #0
(3044) 0413  0000010000010011 (  87)                 BRZ   j1_L2end
(3045) 103F  0001000000111111 (  88)                 ADD   R0 R0 #-1
(3046) 0A01  0000101000000001 (  89)                 BRNP  j1_ad2
(3047) 1B61  0001101101100001 (  90)                 ADD   R5 R5 #1
(3048) 1926  0001100100100110 (  91) j1_ad2          ADD   R4 R4 #6
(3049) 6100  0110000100000000 (  92)                 LDR   R0 R4 #0
(304A) 040D  0000010000001101 (  93)                 BRZ   j1_L2end
(304B) 103F  0001000000111111 (  94)                 ADD   R0 R0 #-1
(304C) 0A01  0000101000000001 (  95)                 BRNP  j1_ad3
(304D) 1B61  0001101101100001 (  96)                 ADD   R5 R5 #1
(304E) 1926  0001100100100110 (  97) j1_ad3          ADD   R4 R4 #6
(304F) 6100  0110000100000000 (  98)                 LDR   R0 R4 #0
(3050) 0407  0000010000000111 (  99)                 BRZ   j1_L2end
(3051) 103F  0001000000111111 ( 100)                 ADD   R0 R0 #-1
(3052) 0A01  0000101000000001 ( 101)                 BRNP  j1_ad4
(3053) 1B61  0001101101100001 ( 102)                 ADD   R5 R5 #1
(3054) 1D7C  0001110101111100 ( 103) j1_ad4          ADD   R6 R5 #-4
(3055) 047C  0000010001111100 ( 104)                 BRZ   winc1_pre
(3056) 1B60  0001101101100000 ( 105)                 ADD   R5 R5 #0
(3057) 047B  0000010001111011 ( 106)                 BRZ   winc2_pre
(3058) 14BF  0001010010111111 ( 108) j1_L2end        ADD   R2 R2 #-1
(3059) 03E0  0000001111100000 ( 109)                 BRP   j1_Loop2
(305A) 16E6  0001011011100110 ( 111)                 ADD   R3 R3 #6
(305B) 127F  0001001001111111 ( 112)                 ADD   R1 R1 #-1
(305C) 03DB  0000001111011011 ( 113)                 BRP   j1_Loop1
(305D) 206B  0010000001101011 ( 116)                 LD    R0 save_R0
(305E) 226B  0010001001101011 ( 117)                 LD    R1 save_R1
(305F) 246B  0010010001101011 ( 118)                 LD    R2 save_R2
(3060) 266B  0010011001101011 ( 119)                 LD    R3 save_R3
(3061) 286B  0010100001101011 ( 120)                 LD    R4 save_R4
(3062) 2A6B  0010101001101011 ( 121)                 LD    R5 save_R5
(3063) 2C6B  0010110001101011 ( 122)                 LD    R6 save_R6
(3064) 2E6B  0010111001101011 ( 123)                 LD    R7 save_R7
(3065) C1C0  1100000111000000 ( 124)                 RET   
(3066) 3062  0011000001100010 ( 128) judge2          ST    R0 save_R0
(3067) 3262  0011001001100010 ( 129)                 ST    R1 save_R1
(3068) 3462  0011010001100010 ( 130)                 ST    R2 save_R2
(3069) 3662  0011011001100010 ( 131)                 ST    R3 save_R3
(306A) 3862  0011100001100010 ( 132)                 ST    R4 save_R4
(306B) 3A62  0011101001100010 ( 133)                 ST    R5 save_R5
(306C) 3C62  0011110001100010 ( 134)                 ST    R6 save_R6
(306D) 3E62  0011111001100010 ( 135)                 ST    R7 save_R7
(306E) 5260  0101001001100000 ( 138)                 AND   R1 R1 #0
(306F) 1263  0001001001100011 ( 139)                 ADD   R1 R1 #3
(3070) E634  1110011000110100 ( 140)                 LEA   R3 mat0x
(3071) 54A0  0101010010100000 ( 142) j2_Loop1        AND   R2 R2 #0
(3072) 14A3  0001010010100011 ( 143)                 ADD   R2 R2 #3
(3073) 18FF  0001100011111111 ( 145) j2_Loop2        ADD   R4 R3 #-1
(3074) 1902  0001100100000010 ( 146)                 ADD   R4 R4 R2
(3075) 5B60  0101101101100000 ( 147)                 AND   R5 R5 #0
(3076) 6100  0110000100000000 ( 148)                 LDR   R0 R4 #0
(3077) 0419  0000010000011001 ( 149)                 BRZ   j2_L2end
(3078) 103F  0001000000111111 ( 150)                 ADD   R0 R0 #-1
(3079) 0A01  0000101000000001 ( 151)                 BRNP  j2_ad1
(307A) 1B61  0001101101100001 ( 152)                 ADD   R5 R5 #1
(307B) 1926  0001100100100110 ( 153) j2_ad1          ADD   R4 R4 #6
(307C) 6101  0110000100000001 ( 154)                 LDR   R0 R4 #1
(307D) 0413  0000010000010011 ( 155)                 BRZ   j2_L2end
(307E) 103F  0001000000111111 ( 156)                 ADD   R0 R0 #-1
(307F) 0A01  0000101000000001 ( 157)                 BRNP  j2_ad2
(3080) 1B61  0001101101100001 ( 158)                 ADD   R5 R5 #1
(3081) 1926  0001100100100110 ( 159) j2_ad2          ADD   R4 R4 #6
(3082) 6102  0110000100000010 ( 160)                 LDR   R0 R4 #2
(3083) 040D  0000010000001101 ( 161)                 BRZ   j2_L2end
(3084) 103F  0001000000111111 ( 162)                 ADD   R0 R0 #-1
(3085) 0A01  0000101000000001 ( 163)                 BRNP  j2_ad3
(3086) 1B61  0001101101100001 ( 164)                 ADD   R5 R5 #1
(3087) 1926  0001100100100110 ( 165) j2_ad3          ADD   R4 R4 #6
(3088) 6103  0110000100000011 ( 166)                 LDR   R0 R4 #3
(3089) 0407  0000010000000111 ( 167)                 BRZ   j2_L2end
(308A) 103F  0001000000111111 ( 168)                 ADD   R0 R0 #-1
(308B) 0A01  0000101000000001 ( 169)                 BRNP  j2_ad4
(308C) 1B61  0001101101100001 ( 170)                 ADD   R5 R5 #1
(308D) 1D7C  0001110101111100 ( 171) j2_ad4          ADD   R6 R5 #-4
(308E) 0443  0000010001000011 ( 172)                 BRZ   winc1_pre
(308F) 1B60  0001101101100000 ( 173)                 ADD   R5 R5 #0
(3090) 0442  0000010001000010 ( 174)                 BRZ   winc2_pre
(3091) 14BF  0001010010111111 ( 176) j2_L2end        ADD   R2 R2 #-1
(3092) 03E0  0000001111100000 ( 177)                 BRP   j2_Loop2
(3093) 16E6  0001011011100110 ( 179)                 ADD   R3 R3 #6
(3094) 127F  0001001001111111 ( 180)                 ADD   R1 R1 #-1
(3095) 03DB  0000001111011011 ( 181)                 BRP   j2_Loop1
(3096) 2032  0010000000110010 ( 184)                 LD    R0 save_R0
(3097) 2232  0010001000110010 ( 185)                 LD    R1 save_R1
(3098) 2432  0010010000110010 ( 186)                 LD    R2 save_R2
(3099) 2632  0010011000110010 ( 187)                 LD    R3 save_R3
(309A) 2832  0010100000110010 ( 188)                 LD    R4 save_R4
(309B) 2A32  0010101000110010 ( 189)                 LD    R5 save_R5
(309C) 2C32  0010110000110010 ( 190)                 LD    R6 save_R6
(309D) 2E32  0010111000110010 ( 191)                 LD    R7 save_R7
(309E) C1C0  1100000111000000 ( 192)                 RET   
(309F) 0E31  0000111000110001 ( 196) pre_main        BRNZP p_main
(30A0) 0020  0000000000100000 ( 201) space           .FILL x0020
(30A1) 002D  0000000000101101 ( 202) NULL            .FILL x002D
(30A2) 004F  0000000001001111 ( 203) O               .FILL x004F
(30A3) 0058  0000000001011000 ( 204) X               .FILL x0058
(30A4) 000D  0000000000001101 ( 205) nextLi          .FILL x000D
(30A5) 0000  0000000000000000 ( 208) mat0x           .FILL x0000
(30A6) 0000  0000000000000000 ( 209)                 .FILL x0000
(30A7) 0000  0000000000000000 ( 210)                 .FILL x0000
(30A8) 0000  0000000000000000 ( 211)                 .FILL x0000
(30A9) 0000  0000000000000000 ( 212)                 .FILL x0000
(30AA) 0000  0000000000000000 ( 213)                 .FILL x0000
(30AB) 0000  0000000000000000 ( 214) mat1x           .FILL x0000
(30AC) 0000  0000000000000000 ( 215)                 .FILL x0000
(30AD) 0000  0000000000000000 ( 216)                 .FILL x0000
(30AE) 0000  0000000000000000 ( 217)                 .FILL x0000
(30AF) 0000  0000000000000000 ( 218)                 .FILL x0000
(30B0) 0000  0000000000000000 ( 219)                 .FILL x0000
(30B1) 0000  0000000000000000 ( 220) mat2x           .FILL x0000
(30B2) 0000  0000000000000000 ( 221)                 .FILL x0000
(30B3) 0000  0000000000000000 ( 222)                 .FILL x0000
(30B4) 0000  0000000000000000 ( 223)                 .FILL x0000
(30B5) 0000  0000000000000000 ( 224)                 .FILL x0000
(30B6) 0000  0000000000000000 ( 225)                 .FILL x0000
(30B7) 0000  0000000000000000 ( 226) mat3x           .FILL x0000
(30B8) 0000  0000000000000000 ( 227)                 .FILL x0000
(30B9) 0000  0000000000000000 ( 228)                 .FILL x0000
(30BA) 0000  0000000000000000 ( 229)                 .FILL x0000
(30BB) 0000  0000000000000000 ( 230)                 .FILL x0000
(30BC) 0000  0000000000000000 ( 231)                 .FILL x0000
(30BD) 0000  0000000000000000 ( 232) mat4x           .FILL x0000
(30BE) 0000  0000000000000000 ( 233)                 .FILL x0000
(30BF) 0000  0000000000000000 ( 234)                 .FILL x0000
(30C0) 0000  0000000000000000 ( 235)                 .FILL x0000
(30C1) 0000  0000000000000000 ( 236)                 .FILL x0000
(30C2) 0000  0000000000000000 ( 237)                 .FILL x0000
(30C3) 0000  0000000000000000 ( 238) mat50           .FILL x0000
(30C4) 0000  0000000000000000 ( 239) mat51           .FILL x0000
(30C5) 0000  0000000000000000 ( 240) mat52           .FILL x0000
(30C6) 0000  0000000000000000 ( 241) mat53           .FILL x0000
(30C7) 0000  0000000000000000 ( 242) mat54           .FILL x0000
(30C8) 0000  0000000000000000 ( 243) mat55           .FILL x0000
(30C9) 0000  0000000000000000 ( 246) save_R0         .FILL x0000
(30CA) 0000  0000000000000000 ( 247) save_R1         .FILL x0000
(30CB) 0000  0000000000000000 ( 248) save_R2         .FILL x0000
(30CC) 0000  0000000000000000 ( 249) save_R3         .FILL x0000
(30CD) 0000  0000000000000000 ( 250) save_R4         .FILL x0000
(30CE) 0000  0000000000000000 ( 251) save_R5         .FILL x0000
(30CF) 0000  0000000000000000 ( 252) save_R6         .FILL x0000
(30D0) 0000  0000000000000000 ( 253) save_R7         .FILL x0000
(30D1) 0E78  0000111001111000 ( 257) p_main          BRNZP main
(30D2) 0ECF  0000111011001111 ( 258) winc1_pre       BRNZP winc1
(30D3) 0ED1  0000111011010001 ( 259) winc2_pre       BRNZP winc2
(30D4) 31F4  0011000111110100 ( 265) judge3          ST    R0 save_R0
(30D5) 33F4  0011001111110100 ( 266)                 ST    R1 save_R1
(30D6) 35F4  0011010111110100 ( 267)                 ST    R2 save_R2
(30D7) 37F4  0011011111110100 ( 268)                 ST    R3 save_R3
(30D8) 39F4  0011100111110100 ( 269)                 ST    R4 save_R4
(30D9) 3BF4  0011101111110100 ( 270)                 ST    R5 save_R5
(30DA) 3DF4  0011110111110100 ( 271)                 ST    R6 save_R6
(30DB) 3FF4  0011111111110100 ( 272)                 ST    R7 save_R7
(30DC) 5260  0101001001100000 ( 275)                 AND   R1 R1 #0
(30DD) 1263  0001001001100011 ( 276)                 ADD   R1 R1 #3
(30DE) E7C6  1110011111000110 ( 277)                 LEA   R3 mat0x
(30DF) 54A0  0101010010100000 ( 279) j3_l1           AND   R2 R2 #0
(30E0) 14A3  0001010010100011 ( 280)                 ADD   R2 R2 #3
(30E1) 18FF  0001100011111111 ( 282) j3_l2           ADD   R4 R3 #-1
(30E2) 1902  0001100100000010 ( 283)                 ADD   R4 R4 R2
(30E3) 1923  0001100100100011 ( 284)                 ADD   R4 R4 #3
(30E4) 5B60  0101101101100000 ( 285)                 AND   R5 R5 #0
(30E5) 6100  0110000100000000 ( 287)                 LDR   R0 R4 #0
(30E6) 0419  0000010000011001 ( 288)                 BRZ   j3_l2ed
(30E7) 103F  0001000000111111 ( 289)                 ADD   R0 R0 #-1
(30E8) 0A01  0000101000000001 ( 290)                 BRNP  j3_ad1
(30E9) 1B61  0001101101100001 ( 291)                 ADD   R5 R5 #1
(30EA) 1926  0001100100100110 ( 292) j3_ad1          ADD   R4 R4 #6
(30EB) 613F  0110000100111111 ( 293)                 LDR   R0 R4 #-1
(30EC) 0413  0000010000010011 ( 294)                 BRZ   j3_l2ed
(30ED) 103F  0001000000111111 ( 295)                 ADD   R0 R0 #-1
(30EE) 0A01  0000101000000001 ( 296)                 BRNP  j3_ad2
(30EF) 1B61  0001101101100001 ( 297)                 ADD   R5 R5 #1
(30F0) 1926  0001100100100110 ( 298) j3_ad2          ADD   R4 R4 #6
(30F1) 613E  0110000100111110 ( 299)                 LDR   R0 R4 #-2
(30F2) 040D  0000010000001101 ( 300)                 BRZ   j3_l2ed
(30F3) 103F  0001000000111111 ( 301)                 ADD   R0 R0 #-1
(30F4) 0A01  0000101000000001 ( 302)                 BRNP  j3_ad3
(30F5) 1B61  0001101101100001 ( 303)                 ADD   R5 R5 #1
(30F6) 1926  0001100100100110 ( 304) j3_ad3          ADD   R4 R4 #6
(30F7) 613D  0110000100111101 ( 305)                 LDR   R0 R4 #-3
(30F8) 0407  0000010000000111 ( 306)                 BRZ   j3_l2ed
(30F9) 103F  0001000000111111 ( 307)                 ADD   R0 R0 #-1
(30FA) 0A01  0000101000000001 ( 308)                 BRNP  j3_ad4
(30FB) 1B61  0001101101100001 ( 309)                 ADD   R5 R5 #1
(30FC) 1D7C  0001110101111100 ( 310) j3_ad4          ADD   R6 R5 #-4
(30FD) 05D4  0000010111010100 ( 311)                 BRZ   winc1_pre
(30FE) 1B60  0001101101100000 ( 312)                 ADD   R5 R5 #0
(30FF) 05D3  0000010111010011 ( 313)                 BRZ   winc2_pre
(3100) 14BF  0001010010111111 ( 315) j3_l2ed         ADD   R2 R2 #-1
(3101) 03DF  0000001111011111 ( 316)                 BRP   j3_l2
(3102) 16E6  0001011011100110 ( 318)                 ADD   R3 R3 #6
(3103) 127F  0001001001111111 ( 319)                 ADD   R1 R1 #-1
(3104) 03DA  0000001111011010 ( 320)                 BRP   j3_l1
(3105) 21C3  0010000111000011 ( 323)                 LD    R0 save_R0
(3106) 23C3  0010001111000011 ( 324)                 LD    R1 save_R1
(3107) 25C3  0010010111000011 ( 325)                 LD    R2 save_R2
(3108) 27C3  0010011111000011 ( 326)                 LD    R3 save_R3
(3109) 29C3  0010100111000011 ( 327)                 LD    R4 save_R4
(310A) 2BC3  0010101111000011 ( 328)                 LD    R5 save_R5
(310B) 2DC3  0010110111000011 ( 329)                 LD    R6 save_R6
(310C) 2FC3  0010111111000011 ( 330)                 LD    R7 save_R7
(310D) C1C0  1100000111000000 ( 331)                 RET   
(310E) 31BA  0011000110111010 ( 337) judge4          ST    R0 save_R0
(310F) 33BA  0011001110111010 ( 338)                 ST    R1 save_R1
(3110) 35BA  0011010110111010 ( 339)                 ST    R2 save_R2
(3111) 37BA  0011011110111010 ( 340)                 ST    R3 save_R3
(3112) 39BA  0011100110111010 ( 341)                 ST    R4 save_R4
(3113) 3BBA  0011101110111010 ( 342)                 ST    R5 save_R5
(3114) 3DBA  0011110110111010 ( 343)                 ST    R6 save_R6
(3115) 3FBA  0011111110111010 ( 344)                 ST    R7 save_R7
(3116) 5260  0101001001100000 ( 347)                 AND   R1 R1 #0
(3117) 1266  0001001001100110 ( 348)                 ADD   R1 R1 #6
(3118) E78C  1110011110001100 ( 349)                 LEA   R3 mat0x
(3119) 54A0  0101010010100000 ( 351) j4_l1           AND   R2 R2 #0
(311A) 14A3  0001010010100011 ( 352)                 ADD   R2 R2 #3
(311B) 18FF  0001100011111111 ( 354) j4_l2           ADD   R4 R3 #-1
(311C) 1902  0001100100000010 ( 355)                 ADD   R4 R4 R2
(311D) 5B60  0101101101100000 ( 356)                 AND   R5 R5 #0
(311E) 6100  0110000100000000 ( 358)                 LDR   R0 R4 #0
(311F) 0416  0000010000010110 ( 359)                 BRZ   j4_l2ed
(3120) 103F  0001000000111111 ( 360)                 ADD   R0 R0 #-1
(3121) 0A01  0000101000000001 ( 361)                 BRNP  j4_ad1
(3122) 1B61  0001101101100001 ( 362)                 ADD   R5 R5 #1
(3123) 6101  0110000100000001 ( 363) j4_ad1          LDR   R0 R4 #1
(3124) 0411  0000010000010001 ( 364)                 BRZ   j4_l2ed
(3125) 103F  0001000000111111 ( 365)                 ADD   R0 R0 #-1
(3126) 0A01  0000101000000001 ( 366)                 BRNP  j4_ad2
(3127) 1B61  0001101101100001 ( 367)                 ADD   R5 R5 #1
(3128) 6102  0110000100000010 ( 368) j4_ad2          LDR   R0 R4 #2
(3129) 040C  0000010000001100 ( 369)                 BRZ   j4_l2ed
(312A) 103F  0001000000111111 ( 370)                 ADD   R0 R0 #-1
(312B) 0A01  0000101000000001 ( 371)                 BRNP  j4_ad3
(312C) 1B61  0001101101100001 ( 372)                 ADD   R5 R5 #1
(312D) 6103  0110000100000011 ( 373) j4_ad3          LDR   R0 R4 #3
(312E) 0407  0000010000000111 ( 374)                 BRZ   j4_l2ed
(312F) 103F  0001000000111111 ( 375)                 ADD   R0 R0 #-1
(3130) 0A01  0000101000000001 ( 376)                 BRNP  j4_ad4
(3131) 1B61  0001101101100001 ( 377)                 ADD   R5 R5 #1
(3132) 1D7C  0001110101111100 ( 378) j4_ad4          ADD   R6 R5 #-4
(3133) 059E  0000010110011110 ( 379)                 BRZ   winc1_pre
(3134) 1B60  0001101101100000 ( 380)                 ADD   R5 R5 #0
(3135) 059D  0000010110011101 ( 381)                 BRZ   winc2_pre
(3136) 14BF  0001010010111111 ( 383) j4_l2ed         ADD   R2 R2 #-1
(3137) 03E3  0000001111100011 ( 384)                 BRP   j4_l2
(3138) 16E6  0001011011100110 ( 386)                 ADD   R3 R3 #6
(3139) 127F  0001001001111111 ( 387)                 ADD   R1 R1 #-1
(313A) 03DE  0000001111011110 ( 388)                 BRP   j4_l1
(313B) 218D  0010000110001101 ( 391)                 LD    R0 save_R0
(313C) 238D  0010001110001101 ( 392)                 LD    R1 save_R1
(313D) 258D  0010010110001101 ( 393)                 LD    R2 save_R2
(313E) 278D  0010011110001101 ( 394)                 LD    R3 save_R3
(313F) 298D  0010100110001101 ( 395)                 LD    R4 save_R4
(3140) 2B8D  0010101110001101 ( 396)                 LD    R5 save_R5
(3141) 2D8D  0010110110001101 ( 397)                 LD    R6 save_R6
(3142) 2F8D  0010111110001101 ( 398)                 LD    R7 save_R7
(3143) C1C0  1100000111000000 ( 399)                 RET   
(3144) 0000  0000000000000000 ( 404) ptr0            .FILL x0000
(3145) 0000  0000000000000000 ( 405) ptr1            .FILL x0000
(3146) 0000  0000000000000000 ( 406) ptr2            .FILL x0000
(3147) 0000  0000000000000000 ( 407) ptr3            .FILL x0000
(3148) 0000  0000000000000000 ( 408) ptr4            .FILL x0000
(3149) 0000  0000000000000000 ( 409) ptr5            .FILL x0000
(314A) 5260  0101001001100000 ( 413) main            AND   R1 R1 #0
(314B) 126F  0001001001101111 ( 414)                 ADD   R1 R1 #15
(314C) 1263  0001001001100011 ( 415)                 ADD   R1 R1 #3
(314D) 4EB3  0100111010110011 ( 417)                 JSR   print
(314E) E174  1110000101110100 ( 419)                 LEA   R0 mat50
(314F) 31F4  0011000111110100 ( 420)                 ST    R0 ptr0
(3150) E173  1110000101110011 ( 421)                 LEA   R0 mat51
(3151) 31F3  0011000111110011 ( 422)                 ST    R0 ptr1
(3152) E172  1110000101110010 ( 423)                 LEA   R0 mat52
(3153) 31F2  0011000111110010 ( 424)                 ST    R0 ptr2
(3154) E171  1110000101110001 ( 425)                 LEA   R0 mat53
(3155) 31F1  0011000111110001 ( 426)                 ST    R0 ptr3
(3156) E170  1110000101110000 ( 427)                 LEA   R0 mat54
(3157) 31F0  0011000111110000 ( 428)                 ST    R0 ptr4
(3158) E16F  1110000101101111 ( 429)                 LEA   R0 mat55
(3159) 31EF  0011000111101111 ( 430)                 ST    R0 ptr5
(315A) 1020  0001000000100000 ( 432) ma_Lp1          ADD   R0 R0 #0
(315B) E04E  1110000001001110 ( 434) in1             LEA   R0 p1inp
(315C) F022  1111000000100010 ( 435)                 TRAP  x22
(315D) F020  1111000000100000 ( 436)                 TRAP  x20
(315E) F021  1111000000100001 ( 437)                 TRAP  x21
(315F) 1030  0001000000110000 ( 438)                 ADD   R0 R0 #-16
(3160) 1030  0001000000110000 ( 439)                 ADD   R0 R0 #-16
(3161) 1030  0001000000110000 ( 440)                 ADD   R0 R0 #-16
(3162) 1420  0001010000100000 ( 442)                 ADD   R2 R0 #0
(3163) 2045  0010000001000101 ( 443)                 LD    R0 nextLi_
(3164) F021  1111000000100001 ( 444)                 TRAP  x21
(3165) 10A0  0001000010100000 ( 445)                 ADD   R0 R2 #0
(3166) 0203  0000001000000011 ( 446)                 BRP   i1t2
(3167) E080  1110000010000000 ( 447)                 LEA   R0 error
(3168) F022  1111000000100010 ( 448)                 TRAP  x22
(3169) 0FF1  0000111111110001 ( 449)                 BRNZP in1
(316A) 1439  0001010000111001 ( 451) i1t2            ADD   R2 R0 #-7
(316B) 0803  0000100000000011 ( 452)                 BRN   i1ed
(316C) E07B  1110000001111011 ( 453)                 LEA   R0 error
(316D) F022  1111000000100010 ( 454)                 TRAP  x22
(316E) 0FEC  0000111111101100 ( 455)                 BRNZP in1
(316F) 54A0  0101010010100000 ( 457) i1ed            AND   R2 R2 #0
(3170) 14A1  0001010010100001 ( 458)                 ADD   R2 R2 #1
(3171) E7D2  1110011111010010 ( 459)                 LEA   R3 ptr0
(3172) 16C0  0001011011000000 ( 460)                 ADD   R3 R3 R0
(3173) 68FF  0110100011111111 ( 461)                 LDR   R4 R3 #-1
(3174) 7500  0111010100000000 ( 462)                 STR   R2 R4 #0
(3175) 193A  0001100100111010 ( 463)                 ADD   R4 R4 #-6
(3176) 78FF  0111100011111111 ( 464)                 STR   R4 R3 #-1
(3177) 4E89  0100111010001001 ( 466)                 JSR   print
(3178) 4EB4  0100111010110100 ( 467)                 JSR   judge1
(3179) 4EEC  0100111011101100 ( 468)                 JSR   judge2
(317A) 4F59  0100111101011001 ( 469)                 JSR   judge3
(317B) 4F92  0100111110010010 ( 470)                 JSR   judge4
(317C) E047  1110000001000111 ( 472) in2             LEA   R0 p2inp
(317D) F022  1111000000100010 ( 473)                 TRAP  x22
(317E) F020  1111000000100000 ( 474)                 TRAP  x20
(317F) F021  1111000000100001 ( 475)                 TRAP  x21
(3180) 1030  0001000000110000 ( 476)                 ADD   R0 R0 #-16
(3181) 1030  0001000000110000 ( 477)                 ADD   R0 R0 #-16
(3182) 1030  0001000000110000 ( 478)                 ADD   R0 R0 #-16
(3183) 1420  0001010000100000 ( 480)                 ADD   R2 R0 #0
(3184) 2024  0010000000100100 ( 481)                 LD    R0 nextLi_
(3185) F021  1111000000100001 ( 482)                 TRAP  x21
(3186) 10A0  0001000010100000 ( 483)                 ADD   R0 R2 #0
(3187) 0203  0000001000000011 ( 484)                 BRP   i2t2
(3188) E05F  1110000001011111 ( 485)                 LEA   R0 error
(3189) F022  1111000000100010 ( 486)                 TRAP  x22
(318A) 0FF1  0000111111110001 ( 487)                 BRNZP in2
(318B) 1439  0001010000111001 ( 489) i2t2            ADD   R2 R0 #-7
(318C) 0803  0000100000000011 ( 490)                 BRN   i2ed
(318D) E05A  1110000001011010 ( 491)                 LEA   R0 error
(318E) F022  1111000000100010 ( 492)                 TRAP  x22
(318F) 0FEC  0000111111101100 ( 493)                 BRNZP in2
(3190) 54A0  0101010010100000 ( 495) i2ed            AND   R2 R2 #0
(3191) 14BF  0001010010111111 ( 496)                 ADD   R2 R2 #-1
(3192) E7B1  1110011110110001 ( 497)                 LEA   R3 ptr0
(3193) 16C0  0001011011000000 ( 498)                 ADD   R3 R3 R0
(3194) 68FF  0110100011111111 ( 499)                 LDR   R4 R3 #-1
(3195) 7500  0111010100000000 ( 500)                 STR   R2 R4 #0
(3196) 193A  0001100100111010 ( 501)                 ADD   R4 R4 #-6
(3197) 78FF  0111100011111111 ( 502)                 STR   R4 R3 #-1
(3198) 4E68  0100111001101000 ( 504)                 JSR   print
(3199) 4E93  0100111010010011 ( 505)                 JSR   judge1
(319A) 4ECB  0100111011001011 ( 506)                 JSR   judge2
(319B) 4F38  0100111100111000 ( 507)                 JSR   judge3
(319C) 4F71  0100111101110001 ( 508)                 JSR   judge4
(319D) 127F  0001001001111111 ( 510)                 ADD   R1 R1 #-1
(319E) 03BB  0000001110111011 ( 511)                 BRP   ma_Lp1
(319F) E03E  1110000000111110 ( 513) TieGame         LEA   R0 Tie
(31A0) F022  1111000000100010 ( 514)                 TRAP  x22
(31A1) 0E06  0000111000000110 ( 515)                 BRNZP EOM
(31A2) E05F  1110000001011111 ( 517) winc1           LEA   R0 p1win
(31A3) F022  1111000000100010 ( 518)                 TRAP  x22
(31A4) 0E03  0000111000000011 ( 519)                 BRNZP EOM
(31A5) E06A  1110000001101010 ( 521) winc2           LEA   R0 p2win
(31A6) F022  1111000000100010 ( 522)                 TRAP  x22
(31A7) 0E00  0000111000000000 ( 523)                 BRNZP EOM
(31A8) 5020  0101000000100000 ( 525) EOM             AND   R0 R0 #0
(31A9) 000D  0000000000001101 ( 530) nextLi_         .FILL x000D
(31AA) 0070  0000000001110000 ( 532) p1inp           .FILL x0070
(31AB) 006C  0000000001101100 ( 532)                 .FILL x006C
(31AC) 0061  0000000001100001 ( 532)                 .FILL x0061
(31AD) 0079  0000000001111001 ( 532)                 .FILL x0079
(31AE) 0065  0000000001100101 ( 532)                 .FILL x0065
(31AF) 0072  0000000001110010 ( 532)                 .FILL x0072
(31B0) 0020  0000000000100000 ( 532)                 .FILL x0020
(31B1) 0031  0000000000110001 ( 532)                 .FILL x0031
(31B2) 0020  0000000000100000 ( 532)                 .FILL x0020
(31B3) 0063  0000000001100011 ( 532)                 .FILL x0063
(31B4) 0068  0000000001101000 ( 532)                 .FILL x0068
(31B5) 006F  0000000001101111 ( 532)                 .FILL x006F
(31B6) 006F  0000000001101111 ( 532)                 .FILL x006F
(31B7) 0073  0000000001110011 ( 532)                 .FILL x0073
(31B8) 0065  0000000001100101 ( 532)                 .FILL x0065
(31B9) 0020  0000000000100000 ( 532)                 .FILL x0020
(31BA) 0061  0000000001100001 ( 532)                 .FILL x0061
(31BB) 0020  0000000000100000 ( 532)                 .FILL x0020
(31BC) 0063  0000000001100011 ( 532)                 .FILL x0063
(31BD) 006C  0000000001101100 ( 532)                 .FILL x006C
(31BE) 006F  0000000001101111 ( 532)                 .FILL x006F
(31BF) 0075  0000000001110101 ( 532)                 .FILL x0075
(31C0) 006D  0000000001101101 ( 532)                 .FILL x006D
(31C1) 006E  0000000001101110 ( 532)                 .FILL x006E
(31C2) 003A  0000000000111010 ( 532)                 .FILL x003A
(31C3) 0000  0000000000000000 ( 532)                 .FILL x0000
(31C4) 0070  0000000001110000 ( 533) p2inp           .FILL x0070
(31C5) 006C  0000000001101100 ( 533)                 .FILL x006C
(31C6) 0061  0000000001100001 ( 533)                 .FILL x0061
(31C7) 0079  0000000001111001 ( 533)                 .FILL x0079
(31C8) 0065  0000000001100101 ( 533)                 .FILL x0065
(31C9) 0072  0000000001110010 ( 533)                 .FILL x0072
(31CA) 0020  0000000000100000 ( 533)                 .FILL x0020
(31CB) 0032  0000000000110010 ( 533)                 .FILL x0032
(31CC) 0020  0000000000100000 ( 533)                 .FILL x0020
(31CD) 0063  0000000001100011 ( 533)                 .FILL x0063
(31CE) 0068  0000000001101000 ( 533)                 .FILL x0068
(31CF) 006F  0000000001101111 ( 533)                 .FILL x006F
(31D0) 006F  0000000001101111 ( 533)                 .FILL x006F
(31D1) 0073  0000000001110011 ( 533)                 .FILL x0073
(31D2) 0065  0000000001100101 ( 533)                 .FILL x0065
(31D3) 0020  0000000000100000 ( 533)                 .FILL x0020
(31D4) 0061  0000000001100001 ( 533)                 .FILL x0061
(31D5) 0020  0000000000100000 ( 533)                 .FILL x0020
(31D6) 0063  0000000001100011 ( 533)                 .FILL x0063
(31D7) 006C  0000000001101100 ( 533)                 .FILL x006C
(31D8) 006F  0000000001101111 ( 533)                 .FILL x006F
(31D9) 0075  0000000001110101 ( 533)                 .FILL x0075
(31DA) 006D  0000000001101101 ( 533)                 .FILL x006D
(31DB) 006E  0000000001101110 ( 533)                 .FILL x006E
(31DC) 003A  0000000000111010 ( 533)                 .FILL x003A
(31DD) 0000  0000000000000000 ( 533)                 .FILL x0000
(31DE) 0054  0000000001010100 ( 534) Tie             .FILL x0054
(31DF) 0069  0000000001101001 ( 534)                 .FILL x0069
(31E0) 0065  0000000001100101 ( 534)                 .FILL x0065
(31E1) 0020  0000000000100000 ( 534)                 .FILL x0020
(31E2) 0047  0000000001000111 ( 534)                 .FILL x0047
(31E3) 0061  0000000001100001 ( 534)                 .FILL x0061
(31E4) 006D  0000000001101101 ( 534)                 .FILL x006D
(31E5) 0065  0000000001100101 ( 534)                 .FILL x0065
(31E6) 000A  0000000000001010 ( 534)                 .FILL x000A
(31E7) 0000  0000000000000000 ( 534)                 .FILL x0000
(31E8) 0049  0000000001001001 ( 535) error           .FILL x0049
(31E9) 006E  0000000001101110 ( 535)                 .FILL x006E
(31EA) 0076  0000000001110110 ( 535)                 .FILL x0076
(31EB) 0061  0000000001100001 ( 535)                 .FILL x0061
(31EC) 006C  0000000001101100 ( 535)                 .FILL x006C
(31ED) 0069  0000000001101001 ( 535)                 .FILL x0069
(31EE) 0064  0000000001100100 ( 535)                 .FILL x0064
(31EF) 0020  0000000000100000 ( 535)                 .FILL x0020
(31F0) 006D  0000000001101101 ( 535)                 .FILL x006D
(31F1) 006F  0000000001101111 ( 535)                 .FILL x006F
(31F2) 0076  0000000001110110 ( 535)                 .FILL x0076
(31F3) 0065  0000000001100101 ( 535)                 .FILL x0065
(31F4) 002E  0000000000101110 ( 535)                 .FILL x002E
(31F5) 0020  0000000000100000 ( 535)                 .FILL x0020
(31F6) 0054  0000000001010100 ( 535)                 .FILL x0054
(31F7) 0072  0000000001110010 ( 535)                 .FILL x0072
(31F8) 0079  0000000001111001 ( 535)                 .FILL x0079
(31F9) 0020  0000000000100000 ( 535)                 .FILL x0020
(31FA) 0061  0000000001100001 ( 535)                 .FILL x0061
(31FB) 0067  0000000001100111 ( 535)                 .FILL x0067
(31FC) 0061  0000000001100001 ( 535)                 .FILL x0061
(31FD) 0069  0000000001101001 ( 535)                 .FILL x0069
(31FE) 006E  0000000001101110 ( 535)                 .FILL x006E
(31FF) 002E  0000000000101110 ( 535)                 .FILL x002E
(3200) 000A  0000000000001010 ( 535)                 .FILL x000A
(3201) 0000  0000000000000000 ( 535)                 .FILL x0000
(3202) 0070  0000000001110000 ( 536) p1win           .FILL x0070
(3203) 006C  0000000001101100 ( 536)                 .FILL x006C
(3204) 0061  0000000001100001 ( 536)                 .FILL x0061
(3205) 0079  0000000001111001 ( 536)                 .FILL x0079
(3206) 0065  0000000001100101 ( 536)                 .FILL x0065
(3207) 0072  0000000001110010 ( 536)                 .FILL x0072
(3208) 0020  0000000000100000 ( 536)                 .FILL x0020
(3209) 0031  0000000000110001 ( 536)                 .FILL x0031
(320A) 0020  0000000000100000 ( 536)                 .FILL x0020
(320B) 0077  0000000001110111 ( 536)                 .FILL x0077
(320C) 0069  0000000001101001 ( 536)                 .FILL x0069
(320D) 006E  0000000001101110 ( 536)                 .FILL x006E
(320E) 000A  0000000000001010 ( 536)                 .FILL x000A
(320F) 0000  0000000000000000 ( 536)                 .FILL x0000
(3210) 0070  0000000001110000 ( 537) p2win           .FILL x0070
(3211) 006C  0000000001101100 ( 537)                 .FILL x006C
(3212) 0061  0000000001100001 ( 537)                 .FILL x0061
(3213) 0079  0000000001111001 ( 537)                 .FILL x0079
(3214) 0065  0000000001100101 ( 537)                 .FILL x0065
(3215) 0072  0000000001110010 ( 537)                 .FILL x0072
(3216) 0020  0000000000100000 ( 537)                 .FILL x0020
(3217) 0032  0000000000110010 ( 537)                 .FILL x0032
(3218) 0020  0000000000100000 ( 537)                 .FILL x0020
(3219) 0077  0000000001110111 ( 537)                 .FILL x0077
(321A) 0069  0000000001101001 ( 537)                 .FILL x0069
(321B) 006E  0000000001101110 ( 537)                 .FILL x006E
(321C) 000A  0000000000001010 ( 537)                 .FILL x000A
(321D) 0000  0000000000000000 ( 537)                 .FILL x0000
