(0000) 3000  0011000000000000 (   1)                 .ORIG x3000
(3000) 2019  0010000000011001 (   2)                 LD    R0 itptr
(3001) 2219  0010001000011001 (   3)                 LD    R1 itfunc
(3002) 7200  0111001000000000 (   4)                 STR   R1 R0 #0
(3003) 205E  0010000001011110 (   5)                 LD    R0 kbsr
(3004) 225E  0010001001011110 (   6)                 LD    R1 X_4000
(3005) 7200  0111001000000000 (   7)                 STR   R1 R0 #0
(3006) 2C15  0010110000010101 (   8)                 LD    R6 stptr
(3007) E016  1110000000010110 (  10) m_loop          LEA   R0 str1
(3008) F022  1111000000100010 (  11)                 TRAP  x22
(3009) 5020  0101000000100000 (  12)                 AND   R0 R0 #0
(300A) 102D  0001000000101101 (  13)                 ADD   R0 R0 #13
(300B) F021  1111000000100001 (  14)                 TRAP  x21
(300C) 5020  0101000000100000 (  15)                 AND   R0 R0 #0
(300D) 200F  0010000000001111 (  16)                 LD    R0 lpcnt
(300E) 103F  0001000000111111 (  17) wait1           ADD   R0 R0 #-1
(300F) 03FE  0000001111111110 (  18)                 BRP   wait1
(3010) E02F  1110000000101111 (  20)                 LEA   R0 str2
(3011) F022  1111000000100010 (  21)                 TRAP  x22
(3012) 5020  0101000000100000 (  22)                 AND   R0 R0 #0
(3013) 102D  0001000000101101 (  23)                 ADD   R0 R0 #13
(3014) F021  1111000000100001 (  24)                 TRAP  x21
(3015) 5020  0101000000100000 (  25)                 AND   R0 R0 #0
(3016) 2006  0010000000000110 (  26)                 LD    R0 lpcnt
(3017) 103F  0001000000111111 (  27) wait2           ADD   R0 R0 #-1
(3018) 03FE  0000001111111110 (  28)                 BRP   wait2
(3019) 0FED  0000111111101101 (  29)                 BRNZP m_loop
(301A) 0180  0000000110000000 (  31) itptr           .FILL x0180
(301B) 2000  0010000000000000 (  32) itfunc          .FILL x2000
(301C) 3000  0011000000000000 (  33) stptr           .FILL x3000
(301D) 61A8  0110000110101000 (  34) lpcnt           .FILL x61A8
(301E) 0049  0000000001001001 (  35) str1            .FILL x0049
(301F) 0043  0000000001000011 (  35)                 .FILL x0043
(3020) 0053  0000000001010011 (  35)                 .FILL x0053
(3021) 0020  0000000000100000 (  35)                 .FILL x0020
(3022) 0020  0000000000100000 (  35)                 .FILL x0020
(3023) 0020  0000000000100000 (  35)                 .FILL x0020
(3024) 0049  0000000001001001 (  35)                 .FILL x0049
(3025) 0043  0000000001000011 (  35)                 .FILL x0043
(3026) 0053  0000000001010011 (  35)                 .FILL x0053
(3027) 0020  0000000000100000 (  35)                 .FILL x0020
(3028) 0020  0000000000100000 (  35)                 .FILL x0020
(3029) 0020  0000000000100000 (  35)                 .FILL x0020
(302A) 0049  0000000001001001 (  35)                 .FILL x0049
(302B) 0043  0000000001000011 (  35)                 .FILL x0043
(302C) 0053  0000000001010011 (  35)                 .FILL x0053
(302D) 0020  0000000000100000 (  35)                 .FILL x0020
(302E) 0020  0000000000100000 (  35)                 .FILL x0020
(302F) 0020  0000000000100000 (  35)                 .FILL x0020
(3030) 0049  0000000001001001 (  35)                 .FILL x0049
(3031) 0043  0000000001000011 (  35)                 .FILL x0043
(3032) 0053  0000000001010011 (  35)                 .FILL x0053
(3033) 0020  0000000000100000 (  35)                 .FILL x0020
(3034) 0020  0000000000100000 (  35)                 .FILL x0020
(3035) 0020  0000000000100000 (  35)                 .FILL x0020
(3036) 0049  0000000001001001 (  35)                 .FILL x0049
(3037) 0043  0000000001000011 (  35)                 .FILL x0043
(3038) 0053  0000000001010011 (  35)                 .FILL x0053
(3039) 0020  0000000000100000 (  35)                 .FILL x0020
(303A) 0020  0000000000100000 (  35)                 .FILL x0020
(303B) 0020  0000000000100000 (  35)                 .FILL x0020
(303C) 0049  0000000001001001 (  35)                 .FILL x0049
(303D) 0043  0000000001000011 (  35)                 .FILL x0043
(303E) 0053  0000000001010011 (  35)                 .FILL x0053
(303F) 0000  0000000000000000 (  35)                 .FILL x0000
(3040) 0020  0000000000100000 (  36) str2            .FILL x0020
(3041) 0020  0000000000100000 (  36)                 .FILL x0020
(3042) 0020  0000000000100000 (  36)                 .FILL x0020
(3043) 0049  0000000001001001 (  36)                 .FILL x0049
(3044) 0043  0000000001000011 (  36)                 .FILL x0043
(3045) 0053  0000000001010011 (  36)                 .FILL x0053
(3046) 0020  0000000000100000 (  36)                 .FILL x0020
(3047) 0020  0000000000100000 (  36)                 .FILL x0020
(3048) 0020  0000000000100000 (  36)                 .FILL x0020
(3049) 0049  0000000001001001 (  36)                 .FILL x0049
(304A) 0043  0000000001000011 (  36)                 .FILL x0043
(304B) 0053  0000000001010011 (  36)                 .FILL x0053
(304C) 0020  0000000000100000 (  36)                 .FILL x0020
(304D) 0020  0000000000100000 (  36)                 .FILL x0020
(304E) 0020  0000000000100000 (  36)                 .FILL x0020
(304F) 0049  0000000001001001 (  36)                 .FILL x0049
(3050) 0043  0000000001000011 (  36)                 .FILL x0043
(3051) 0053  0000000001010011 (  36)                 .FILL x0053
(3052) 0020  0000000000100000 (  36)                 .FILL x0020
(3053) 0020  0000000000100000 (  36)                 .FILL x0020
(3054) 0020  0000000000100000 (  36)                 .FILL x0020
(3055) 0049  0000000001001001 (  36)                 .FILL x0049
(3056) 0043  0000000001000011 (  36)                 .FILL x0043
(3057) 0053  0000000001010011 (  36)                 .FILL x0053
(3058) 0020  0000000000100000 (  36)                 .FILL x0020
(3059) 0020  0000000000100000 (  36)                 .FILL x0020
(305A) 0020  0000000000100000 (  36)                 .FILL x0020
(305B) 0049  0000000001001001 (  36)                 .FILL x0049
(305C) 0043  0000000001000011 (  36)                 .FILL x0043
(305D) 0053  0000000001010011 (  36)                 .FILL x0053
(305E) 0020  0000000000100000 (  36)                 .FILL x0020
(305F) 0020  0000000000100000 (  36)                 .FILL x0020
(3060) 0020  0000000000100000 (  36)                 .FILL x0020
(3061) 0000  0000000000000000 (  36)                 .FILL x0000
(3062) FE00  1111111000000000 (  37) kbsr            .FILL xFE00
(3063) 4000  0100000000000000 (  38) X_4000          .FILL x4000
