(0000) 2000  0010000000000000 (   1)                 .ORIG x2000
(2000) 3017  0011000000010111 (   2)                 ST    R0 SaveR0
(2001) 3217  0011001000010111 (   3)                 ST    R1 SaveR1
(2002) 3417  0011010000010111 (   4)                 ST    R2 SaveR2
(2003) 3617  0011011000010111 (   5)                 ST    R3 SaveR3
(2004) 220F  0010001000001111 (   7)                 LD    R1 KBSR
(2005) 6040  0110000001000000 (   8)                 LDR   R0 R1 #0
(2006) 5260  0101001001100000 (   9)                 AND   R1 R1 #0
(2007) 126A  0001001001101010 (  10)                 ADD   R1 R1 #10
(2008) 240D  0010010000001101 (  11) Loop            LD    R2 DSR
(2009) 6680  0110011010000000 (  12) wait            LDR   R3 R2 #0
(200A) 07FE  0000011111111110 (  13)                 BRZP  wait
(200B) 240B  0010010000001011 (  14)                 LD    R2 DDR
(200C) 7080  0111000010000000 (  15)                 STR   R0 R2 #0
(200D) 127F  0001001001111111 (  16)                 ADD   R1 R1 #-1
(200E) 03F9  0000001111111001 (  17)                 BRP   Loop
(200F) 2008  0010000000001000 (  19)                 LD    R0 SaveR0
(2010) 2208  0010001000001000 (  20)                 LD    R1 SaveR1
(2011) 2408  0010010000001000 (  21)                 LD    R2 SaveR2
(2012) 2608  0010011000001000 (  22)                 LD    R3 SaveR3
(2013) 8000  1000000000000000 (  24)                 RTI   
(2014) FE00  1111111000000000 (  26) KBSR            .FILL xFE00
(2015) FE02  1111111000000010 (  27) KBDR            .FILL xFE02
(2016) FE04  1111111000000100 (  28) DSR             .FILL xFE04
(2017) FE06  1111111000000110 (  29) DDR             .FILL xFE06
(2018) 0000  0000000000000000 (  30) SaveR0          .FILL x0000
(2019) 0000  0000000000000000 (  31) SaveR1          .FILL x0000
(201A) 0000  0000000000000000 (  32) SaveR2          .FILL x0000
(201B) 0000  0000000000000000 (  33) SaveR3          .FILL x0000
(201C) 7FFF  0111111111111111 (  34) x_7fff          .FILL x7FFF
