(0000) 2000  0010000000000000 (   1)                 .ORIG x2000
(2000) 303F  0011000000111111 (   2)                 ST    R0 SaveR0
(2001) 323F  0011001000111111 (   3)                 ST    R1 SaveR1
(2002) 343F  0011010000111111 (   4)                 ST    R2 SaveR2
(2003) 363F  0011011000111111 (   5)                 ST    R3 SaveR3
(2004) 383F  0011100000111111 (   6)                 ST    R4 SaveR4
(2005) 1DBF  0001110110111111 (   8)                 ADD   R6 R6 #-1
(2006) 7180  0111000110000000 (   9)                 STR   R0 R6 #0
(2007) 1DBF  0001110110111111 (  10)                 ADD   R6 R6 #-1
(2008) 7380  0111001110000000 (  11)                 STR   R1 R6 #0
(2009) 1DBF  0001110110111111 (  12)                 ADD   R6 R6 #-1
(200A) 7580  0111010110000000 (  13)                 STR   R2 R6 #0
(200B) 1DBF  0001110110111111 (  14)                 ADD   R6 R6 #-1
(200C) 7780  0111011110000000 (  15)                 STR   R3 R6 #0
(200D) 1DBF  0001110110111111 (  16)                 ADD   R6 R6 #-1
(200E) 7980  0111100110000000 (  17)                 STR   R4 R6 #0
(200F) 282F  0010100000101111 (  19)                 LD    R4 STRING
(2010) A229  1010001000101001 (  20) LOOP1           LDI   R1 KBSR
(2011) 07FE  0000011111111110 (  21)                 BRZP  LOOP1
(2012) A028  1010000000101000 (  22)                 LDI   R0 KBDR
(2013) 242A  0010010000101010 (  23)                 LD    R2 BREAK
(2014) 1480  0001010010000000 (  24)                 ADD   R2 R2 R0
(2015) 0403  0000010000000011 (  25)                 BRZ   LOOP
(2016) 7100  0111000100000000 (  26)                 STR   R0 R4 #0
(2017) 1921  0001100100100001 (  27)                 ADD   R4 R4 #1
(2018) 0FF7  0000111111110111 (  28)                 BRNZP LOOP1
(2019) 5020  0101000000100000 (  29) LOOP            AND   R0 R0 #0
(201A) 102A  0001000000101010 (  30)                 ADD   R0 R0 #10
(201B) 7100  0111000100000000 (  31)                 STR   R0 R4 #0
(201C) 56E0  0101011011100000 (  32) NEXT1           AND   R3 R3 #0
(201D) 16EA  0001011011101010 (  33)                 ADD   R3 R3 #10
(201E) 2820  0010100000100000 (  34) LOOP3           LD    R4 STRING
(201F) 6100  0110000100000000 (  35) LOOP5           LDR   R0 R4 #0
(2020) 1921  0001100100100001 (  36)                 ADD   R4 R4 #1
(2021) A21A  1010001000011010 (  37) LOOP4           LDI   R1 DSR
(2022) 07FE  0000011111111110 (  38)                 BRZP  LOOP4
(2023) 241A  0010010000011010 (  39)                 LD    R2 BREAK
(2024) 1480  0001010010000000 (  40)                 ADD   R2 R2 R0
(2025) 0402  0000010000000010 (  41)                 BRZ   NEXT2
(2026) B016  1011000000010110 (  42)                 STI   R0 DDR
(2027) 0FF7  0000111111110111 (  43)                 BRNZP LOOP5
(2028) 16FF  0001011011111111 (  44) NEXT2           ADD   R3 R3 #-1
(2029) 03F4  0000001111110100 (  45)                 BRP   LOOP3
(202A) 6980  0110100110000000 (  47)                 LDR   R4 R6 #0
(202B) 1DA1  0001110110100001 (  48)                 ADD   R6 R6 #1
(202C) 6780  0110011110000000 (  49)                 LDR   R3 R6 #0
(202D) 1DA1  0001110110100001 (  50)                 ADD   R6 R6 #1
(202E) 6580  0110010110000000 (  51)                 LDR   R2 R6 #0
(202F) 1DA1  0001110110100001 (  52)                 ADD   R6 R6 #1
(2030) 6380  0110001110000000 (  53)                 LDR   R1 R6 #0
(2031) 1DA1  0001110110100001 (  54)                 ADD   R6 R6 #1
(2032) 6180  0110000110000000 (  55)                 LDR   R0 R6 #0
(2033) 1DA1  0001110110100001 (  56)                 ADD   R6 R6 #1
(2034) 200B  0010000000001011 (  58)                 LD    R0 SaveR0
(2035) 220B  0010001000001011 (  59)                 LD    R1 SaveR1
(2036) 240B  0010010000001011 (  60)                 LD    R2 SaveR2
(2037) 260B  0010011000001011 (  61)                 LD    R3 SaveR3
(2038) 280B  0010100000001011 (  62)                 LD    R4 SaveR4
(2039) 8000  1000000000000000 (  64)                 RTI   
(203A) FE00  1111111000000000 (  66) KBSR            .FILL xFE00
(203B) FE02  1111111000000010 (  67) KBDR            .FILL xFE02
(203C) FE04  1111111000000100 (  68) DSR             .FILL xFE04
(203D) FE06  1111111000000110 (  69) DDR             .FILL xFE06
(203E) FFF6  1111111111110110 (  70) BREAK           .FILL xFFF6
(203F) 4000  0100000000000000 (  71) STRING          .FILL x4000
(2040) 0000  0000000000000000 (  72) SaveR0          .FILL x0000
(2041) 0000  0000000000000000 (  73) SaveR1          .FILL x0000
(2042) 0000  0000000000000000 (  74) SaveR2          .FILL x0000
(2043) 0000  0000000000000000 (  75) SaveR3          .FILL x0000
(2044) 0000  0000000000000000 (  76) SaveR4          .FILL x0000
