(0000) 3000  0011000000000000 (   1)                 .ORIG x3000
(3000) 2C13  0010110000010011 (   4)                 LD    R6 stptr
(3001) 2010  0010000000010000 (   7)                 LD    R0 ptr
(3002) 2210  0010001000010000 (   8)                 LD    R1 func
(3003) 7200  0111001000000000 (   9)                 STR   R1 R0 #0
(3004) 2455  0010010001010101 (  12)                 LD    R2 IE
(3005) B453  1011010001010011 (  13)                 STI   R2 KBSR
(3006) E00E  1110000000001110 (  16) m_loop          LEA   R0 str1
(3007) F022  1111000000100010 (  17)                 TRAP  x22
(3008) 2052  0010000001010010 (  18)                 LD    R0 ENDL
(3009) F021  1111000000100001 (  19)                 TRAP  x21
(300A) 4851  0100100001010001 (  20)                 JSR   DELAY
(300B) E02B  1110000000101011 (  22)                 LEA   R0 str2
(300C) F022  1111000000100010 (  23)                 TRAP  x22
(300D) 204D  0010000001001101 (  24)                 LD    R0 ENDL
(300E) F021  1111000000100001 (  25)                 TRAP  x21
(300F) 484C  0100100001001100 (  26)                 JSR   DELAY
(3010) 0FF5  0000111111110101 (  27)                 BRNZP m_loop
(3011) F025  1111000000100101 (  28)                 TRAP  x25
(3012) 0180  0000000110000000 (  30) ptr             .FILL x0180
(3013) 2000  0010000000000000 (  31) func            .FILL x2000
(3014) 3000  0011000000000000 (  32) stptr           .FILL x3000
(3015) 0049  0000000001001001 (  33) str1            .FILL x0049
(3016) 0043  0000000001000011 (  33)                 .FILL x0043
(3017) 0053  0000000001010011 (  33)                 .FILL x0053
(3018) 0020  0000000000100000 (  33)                 .FILL x0020
(3019) 0020  0000000000100000 (  33)                 .FILL x0020
(301A) 0020  0000000000100000 (  33)                 .FILL x0020
(301B) 0049  0000000001001001 (  33)                 .FILL x0049
(301C) 0043  0000000001000011 (  33)                 .FILL x0043
(301D) 0053  0000000001010011 (  33)                 .FILL x0053
(301E) 0020  0000000000100000 (  33)                 .FILL x0020
(301F) 0020  0000000000100000 (  33)                 .FILL x0020
(3020) 0020  0000000000100000 (  33)                 .FILL x0020
(3021) 0049  0000000001001001 (  33)                 .FILL x0049
(3022) 0043  0000000001000011 (  33)                 .FILL x0043
(3023) 0053  0000000001010011 (  33)                 .FILL x0053
(3024) 0020  0000000000100000 (  33)                 .FILL x0020
(3025) 0020  0000000000100000 (  33)                 .FILL x0020
(3026) 0020  0000000000100000 (  33)                 .FILL x0020
(3027) 0049  0000000001001001 (  33)                 .FILL x0049
(3028) 0043  0000000001000011 (  33)                 .FILL x0043
(3029) 0053  0000000001010011 (  33)                 .FILL x0053
(302A) 0020  0000000000100000 (  33)                 .FILL x0020
(302B) 0020  0000000000100000 (  33)                 .FILL x0020
(302C) 0020  0000000000100000 (  33)                 .FILL x0020
(302D) 0049  0000000001001001 (  33)                 .FILL x0049
(302E) 0043  0000000001000011 (  33)                 .FILL x0043
(302F) 0053  0000000001010011 (  33)                 .FILL x0053
(3030) 0020  0000000000100000 (  33)                 .FILL x0020
(3031) 0020  0000000000100000 (  33)                 .FILL x0020
(3032) 0020  0000000000100000 (  33)                 .FILL x0020
(3033) 0049  0000000001001001 (  33)                 .FILL x0049
(3034) 0043  0000000001000011 (  33)                 .FILL x0043
(3035) 0053  0000000001010011 (  33)                 .FILL x0053
(3036) 0000  0000000000000000 (  33)                 .FILL x0000
(3037) 0020  0000000000100000 (  34) str2            .FILL x0020
(3038) 0020  0000000000100000 (  34)                 .FILL x0020
(3039) 0020  0000000000100000 (  34)                 .FILL x0020
(303A) 0049  0000000001001001 (  34)                 .FILL x0049
(303B) 0043  0000000001000011 (  34)                 .FILL x0043
(303C) 0053  0000000001010011 (  34)                 .FILL x0053
(303D) 0020  0000000000100000 (  34)                 .FILL x0020
(303E) 0020  0000000000100000 (  34)                 .FILL x0020
(303F) 0020  0000000000100000 (  34)                 .FILL x0020
(3040) 0049  0000000001001001 (  34)                 .FILL x0049
(3041) 0043  0000000001000011 (  34)                 .FILL x0043
(3042) 0053  0000000001010011 (  34)                 .FILL x0053
(3043) 0020  0000000000100000 (  34)                 .FILL x0020
(3044) 0020  0000000000100000 (  34)                 .FILL x0020
(3045) 0020  0000000000100000 (  34)                 .FILL x0020
(3046) 0049  0000000001001001 (  34)                 .FILL x0049
(3047) 0043  0000000001000011 (  34)                 .FILL x0043
(3048) 0053  0000000001010011 (  34)                 .FILL x0053
(3049) 0020  0000000000100000 (  34)                 .FILL x0020
(304A) 0020  0000000000100000 (  34)                 .FILL x0020
(304B) 0020  0000000000100000 (  34)                 .FILL x0020
(304C) 0049  0000000001001001 (  34)                 .FILL x0049
(304D) 0043  0000000001000011 (  34)                 .FILL x0043
(304E) 0053  0000000001010011 (  34)                 .FILL x0053
(304F) 0020  0000000000100000 (  34)                 .FILL x0020
(3050) 0020  0000000000100000 (  34)                 .FILL x0020
(3051) 0020  0000000000100000 (  34)                 .FILL x0020
(3052) 0049  0000000001001001 (  34)                 .FILL x0049
(3053) 0043  0000000001000011 (  34)                 .FILL x0043
(3054) 0053  0000000001010011 (  34)                 .FILL x0053
(3055) 0020  0000000000100000 (  34)                 .FILL x0020
(3056) 0020  0000000000100000 (  34)                 .FILL x0020
(3057) 0020  0000000000100000 (  34)                 .FILL x0020
(3058) 0000  0000000000000000 (  34)                 .FILL x0000
(3059) FE00  1111111000000000 (  35) KBSR            .FILL xFE00
(305A) 4000  0100000000000000 (  36) IE              .FILL x4000
(305B) 000D  0000000000001101 (  37) ENDL            .FILL x000D
(305C) 3206  0011001000000110 (  39) DELAY           ST    R1 SaveR1
(305D) 2204  0010001000000100 (  40)                 LD    R1 COUNT
(305E) 127F  0001001001111111 (  41) REP             ADD   R1 R1 #-1
(305F) 03FE  0000001111111110 (  42)                 BRP   REP
(3060) 2202  0010001000000010 (  43)                 LD    R1 SaveR1
(3061) C1C0  1100000111000000 (  44)                 RET   
(3062) 61A8  0110000110101000 (  46) COUNT           .FILL x61A8
(3063) 0000  0000000000000000 (  49) SaveR1          .FILL x0000
