(0000) 3000  0011000000000000 (   1)                 .ORIG x3000
(3000) 5020  0101000000100000 (   2)                 AND   R0 R0 #0
(3001) 102F  0001000000101111 (   3)                 ADD   R0 R0 #15
(3002) 1021  0001000000100001 (   4)                 ADD   R0 R0 #1
(3003) 5260  0101001001100000 (   5)                 AND   R1 R1 #0
(3004) 126F  0001001001101111 (   6)                 ADD   R1 R1 #15
(3005) 2449  0010010001001001 (   9)                 LD    R2 A
(3006) 2648  0010011001001000 (  10)                 LD    R3 A
(3007) 6880  0110100010000000 (  12) THIRD           LDR   R4 R2 #0
(3008) 16E1  0001011011100001 (  14) FIRST           ADD   R3 R3 #1
(3009) 6AC0  0110101011000000 (  15)                 LDR   R5 R3 #0
(300A) 9B7F  1001101101111111 (  16)                 NOT   R5 R5
(300B) 1B61  0001101101100001 (  17)                 ADD   R5 R5 #1
(300C) 1D05  0001110100000101 (  18)                 ADD   R6 R4 R5
(300D) 0809  0000100000001001 (  19)                 BRN   CHANGE
(300E) 127F  0001001001111111 (  21) CONTINUE        ADD   R1 R1 #-1
(300F) 0401  0000010000000001 (  22)                 BRZ   SECOND
(3010) 0FF7  0000111111110111 (  23)                 BRNZP FIRST
(3011) 14A1  0001010010100001 (  26) SECOND          ADD   R2 R2 #1
(3012) 16A0  0001011010100000 (  27)                 ADD   R3 R2 #0
(3013) 103F  0001000000111111 (  28)                 ADD   R0 R0 #-1
(3014) 123F  0001001000111111 (  29)                 ADD   R1 R0 #-1
(3015) 0407  0000010000000111 (  30)                 BRZ   NEXT
(3016) 0FF0  0000111111110000 (  31)                 BRNZP THIRD
(3017) 78C0  0111100011000000 (  34) CHANGE          STR   R4 R3 #0
(3018) 9B7F  1001101101111111 (  35)                 NOT   R5 R5
(3019) 1B61  0001101101100001 (  36)                 ADD   R5 R5 #1
(301A) 7A80  0111101010000000 (  37)                 STR   R5 R2 #0
(301B) 6880  0110100010000000 (  38)                 LDR   R4 R2 #0
(301C) 0FF1  0000111111110001 (  39)                 BRNZP CONTINUE
(301D) 2431  0010010000110001 (  41) NEXT            LD    R2 A
(301E) 2831  0010100000110001 (  42)                 LD    R4 B
(301F) 5020  0101000000100000 (  43)                 AND   R0 R0 #0
(3020) 102F  0001000000101111 (  44)                 ADD   R0 R0 #15
(3021) 1021  0001000000100001 (  45)                 ADD   R0 R0 #1
(3022) 6680  0110011010000000 (  47) LOADING         LDR   R3 R2 #0
(3023) 7700  0111011100000000 (  48)                 STR   R3 R4 #0
(3024) 1921  0001100100100001 (  49)                 ADD   R4 R4 #1
(3025) 14A1  0001010010100001 (  50)                 ADD   R2 R2 #1
(3026) 103F  0001000000111111 (  51)                 ADD   R0 R0 #-1
(3027) 0401  0000010000000001 (  52)                 BRZ   NEXT1
(3028) 0FF9  0000111111111001 (  53)                 BRNZP LOADING
(3029) 5FE0  0101111111100000 (  55) NEXT1           AND   R7 R7 #0
(302A) 5020  0101000000100000 (  56)                 AND   R0 R0 #0
(302B) 1025  0001000000100101 (  57)                 ADD   R0 R0 #5
(302C) 2422  0010010000100010 (  58)                 LD    R2 A
(302D) 2624  0010011000100100 (  59)                 LD    R3 D
(302E) 96FF  1001011011111111 (  60)                 NOT   R3 R3
(302F) 16E1  0001011011100001 (  61)                 ADD   R3 R3 #1
(3030) 6880  0110100010000000 (  63) NEXT2           LDR   R4 R2 #0
(3031) 14A1  0001010010100001 (  64)                 ADD   R2 R2 #1
(3032) 103F  0001000000111111 (  65)                 ADD   R0 R0 #-1
(3033) 0406  0000010000000110 (  66)                 BRZ   NEXT3
(3034) 1B03  0001101100000011 (  67)                 ADD   R5 R4 R3
(3035) 0601  0000011000000001 (  68)                 BRZP  ALEVEL
(3036) 0FF9  0000111111111001 (  69)                 BRNZP NEXT2
(3037) 1FE1  0001111111100001 (  71) ALEVEL          ADD   R7 R7 #1
(3038) BE18  1011111000011000 (  72)                 STI   R7 C
(3039) 0FF6  0000111111110110 (  73)                 BRNZP NEXT2
(303A) 5DA0  0101110110100000 (  76) NEXT3           AND   R6 R6 #0
(303B) 5020  0101000000100000 (  77)                 AND   R0 R0 #0
(303C) 1029  0001000000101001 (  78)                 ADD   R0 R0 #9
(303D) 2411  0010010000010001 (  79)                 LD    R2 A
(303E) 2614  0010011000010100 (  80)                 LD    R3 E
(303F) 96FF  1001011011111111 (  81)                 NOT   R3 R3
(3040) 16E1  0001011011100001 (  82)                 ADD   R3 R3 #1
(3041) 6880  0110100010000000 (  84) NEXT4           LDR   R4 R2 #0
(3042) 14A1  0001010010100001 (  85)                 ADD   R2 R2 #1
(3043) 103F  0001000000111111 (  86)                 ADD   R0 R0 #-1
(3044) 0409  0000010000001001 (  87)                 BRZ   THEEND
(3045) 1B03  0001101100000011 (  88)                 ADD   R5 R4 R3
(3046) 0601  0000011000000001 (  89)                 BRZP  BLEVEL
(3047) 0FF9  0000111111111001 (  90)                 BRNZP NEXT4
(3048) 1DA1  0001110110100001 (  92) BLEVEL          ADD   R6 R6 #1
(3049) 93FF  1001001111111111 (  93)                 NOT   R1 R7
(304A) 1261  0001001001100001 (  94)                 ADD   R1 R1 #1
(304B) 1381  0001001110000001 (  95)                 ADD   R1 R6 R1
(304C) B207  1011001000000111 (  96)                 STI   R1 F
(304D) 0FF3  0000111111110011 (  97)                 BRNZP NEXT4
(304E) F025  1111000000100101 (  99) THEEND          TRAP  x25
(304F) 3200  0011001000000000 ( 102) A               .FILL x3200
(3050) 4000  0100000000000000 ( 103) B               .FILL x4000
(3051) 4100  0100000100000000 ( 104) C               .FILL x4100
(3052) 0055  0000000001010101 ( 105) D               .FILL x0055
(3053) 004B  0000000001001011 ( 106) E               .FILL x004B
(3054) 4101  0100000100000001 ( 107) F               .FILL x4101
